<?xml version="1.0" encoding="utf-8"?><testsuites name="pytest tests"><testsuite name="pytest" errors="35" failures="0" skipped="0" tests="594" time="71.535" timestamp="2026-09-23T22:05:24.258605+10:00" hostname="TheWeapon"><testcase classname="tests.test_atomicity" name="test_an_unauthorised_leg_prevents_the_authorised_leg_from_committing" time="0.001" /><testcase classname="tests.test_atomicity" name="test_the_authorised_leg_alone_would_have_succeeded" time="0.000" /><testcase classname="tests.test_atomicity" name="test_a_denied_transaction_stages_no_effects_at_all" time="0.000" /><testcase classname="tests.test_atomicity" name="test_losing_one_leg_to_contention_leaves_the_other_leg_untouched" time="0.000" /><testcase classname="tests.test_atomicity" name="test_an_unauthorised_single_source_claim_changes_nothing" time="0.000" /><testcase classname="tests.test_atomicity" name="test_a_proposal_from_an_actor_outside_the_roster_is_denied" time="0.000" /><testcase classname="tests.test_atomicity" name="test_a_claim_naming_an_unknown_source_commits_nothing" time="0.000" /><testcase classname="tests.test_atomicity" name="test_a_transfer_to_an_unknown_actor_commits_nothing" time="0.000" /><testcase classname="tests.test_atomicity" name="test_a_self_transfer_is_denied" time="0.000" /><testcase classname="tests.test_atomicity" name="test_an_unknown_operation_is_denied" time="0.000" /><testcase classname="tests.test_atomicity" name="test_nothing_may_debit_the_consumption_sink" time="0.000" /><testcase classname="tests.test_atomicity" name="test_an_unbalanced_transaction_is_refused_by_the_integrity_rail" time="0.000" /><testcase classname="tests.test_atomicity" name="test_a_balanced_but_unauthorised_transfer_of_another_actors_stock_is_denied" time="0.000" /><testcase classname="tests.test_atomicity" name="test_settlement_is_the_only_write_path_to_a_balance" time="0.000" /><testcase classname="tests.test_atomicity" name="test_a_denied_transaction_does_not_consume_availability_for_a_later_one" time="0.000" /><testcase classname="tests.test_atomicity" name="test_consume_of_an_unknown_actor_is_denied" time="0.000" /><testcase classname="tests.test_contention" name="test_two_authorised_claims_on_one_unit_produce_exactly_one_winner" time="0.001" /><testcase classname="tests.test_contention" name="test_the_single_unit_is_credited_exactly_once" time="0.000" /><testcase classname="tests.test_contention" name="test_the_losing_claimant_carries_an_explicit_denial_reason" time="0.000" /><testcase classname="tests.test_contention" name="test_every_submitted_proposal_appears_in_the_record_exactly_once" time="0.000" /><testcase classname="tests.test_contention" name="test_a_denied_claim_stages_no_effects" time="0.000" /><testcase classname="tests.test_contention" name="test_contended_tick_conserves_the_declared_total" time="0.000" /><testcase classname="tests.test_contention" name="test_no_balance_or_stock_goes_negative_under_contention" time="0.000" /><testcase classname="tests.test_contention" name="test_one_actor_cannot_take_the_same_unit_twice_in_one_tick" time="0.000" /><testcase classname="tests.test_contention" name="test_an_uncontested_claim_is_accepted" time="0.000" /><testcase classname="tests.test_contention" name="test_a_tick_with_no_proposals_changes_nothing_but_the_tick_number" time="0.001" /><testcase classname="tests.test_credit_boundary" name="test_the_roadmap_credit_fixture[0]" time="0.000" /><testcase classname="tests.test_credit_boundary" name="test_the_roadmap_credit_fixture[1]" time="0.000" /><testcase classname="tests.test_credit_boundary" name="test_the_giver_cannot_spend_the_same_unit_twice_by_transferring_it_again[0]" time="0.000" /><testcase classname="tests.test_credit_boundary" name="test_the_giver_cannot_spend_the_same_unit_twice_by_transferring_it_again[1]" time="0.000" /><testcase classname="tests.test_credit_boundary" name="test_the_recipient_cannot_pass_on_a_unit_received_this_tick" time="0.000" /><testcase classname="tests.test_credit_boundary" name="test_a_unit_claimed_this_tick_is_not_spendable_until_the_next_one" time="0.000" /><testcase classname="tests.test_credit_boundary" name="test_a_unit_given_away_is_not_double_counted_in_the_total" time="0.000" /><testcase classname="tests.test_credit_boundary" name="test_the_order_of_the_recipients_own_proposals_does_not_rescue_an_early_spend" time="0.000" /><testcase classname="tests.test_dependency_direction" name="test_every_kernel_module_has_a_declared_layer" time="0.001" /><testcase classname="tests.test_dependency_direction" name="test_no_module_imports_above_its_layer" time="0.009" /><testcase classname="tests.test_dependency_direction" name="test_settlement_cannot_see_the_diagnostics_channel" time="0.002" /><testcase classname="tests.test_dependency_direction" name="test_nothing_inside_the_kernel_imports_the_engine" time="0.007" /><testcase classname="tests.test_dependency_direction" name="test_state_does_not_import_resolution_or_evidence" time="0.002" /><testcase classname="tests.test_dependency_direction" name="test_the_declared_layering_is_acyclic" time="0.000" /><testcase classname="tests.test_dependency_direction" name="test_viewer_package_exists_and_imports_nothing_from_kernel_world_or_stream" time="0.002" /><testcase classname="tests.test_dependency_direction" name="test_simulation_packages_import_only_downward" time="0.027" /><testcase classname="tests.test_determinism" name="test_diagnostics_on_and_off_produce_identical_canonical_results" time="0.001" /><testcase classname="tests.test_determinism" name="test_repeated_identical_execution_produces_identical_canonical_results" time="0.002" /><testcase classname="tests.test_determinism" name="test_a_hostile_diagnostics_sink_cannot_change_canonical_results" time="0.001" /><testcase classname="tests.test_determinism" name="test_a_failing_diagnostics_sink_is_counted_rather_than_hidden" time="0.000" /><testcase classname="tests.test_determinism" name="test_the_canonical_form_refuses_floats" time="0.000" /><testcase classname="tests.test_determinism" name="test_the_canonical_form_refuses_booleans" time="0.000" /><testcase classname="tests.test_determinism" name="test_the_canonical_form_is_independent_of_mapping_order" time="0.000" /><testcase classname="tests.test_determinism" name="test_a_state_digest_is_independent_of_input_map_order" time="0.000" /><testcase classname="tests.test_determinism" name="test_the_record_carries_the_declared_versions_and_state_identities" time="0.000" /><testcase classname="tests.test_determinism" name="test_the_engine_allocates_no_identity_of_its_own_in_this_slice" time="0.000" /><testcase classname="tests.test_indivisibility" name="test_a_claim_larger_than_the_source_is_denied_without_partial_credit" time="0.000" /><testcase classname="tests.test_indivisibility" name="test_a_consume_larger_than_the_balance_is_denied_without_partial_credit" time="0.000" /><testcase classname="tests.test_indivisibility" name="test_a_transfer_larger_than_the_balance_is_denied_without_partial_credit" time="0.000" /><testcase classname="tests.test_indivisibility" name="test_a_partly_available_multi_source_claim_is_denied_whole" time="0.000" /><testcase classname="tests.test_indivisibility" name="test_an_exactly_sufficient_claim_is_accepted" time="0.000" /><testcase classname="tests.test_indivisibility" name="test_a_zero_amount_is_denied_rather_than_treated_as_a_no_op" time="0.000" /><testcase classname="tests.test_indivisibility" name="test_a_negative_amount_is_denied_rather_than_reversing_a_transaction" time="0.000" /><testcase classname="tests.test_indivisibility" name="test_a_fractional_amount_is_denied_rather_than_rounded" time="0.000" /><testcase classname="tests.test_indivisibility" name="test_a_whole_valued_float_is_still_denied" time="0.000" /><testcase classname="tests.test_indivisibility" name="test_a_boolean_amount_is_denied_even_though_python_calls_it_an_integer" time="0.000" /><testcase classname="tests.test_indivisibility" name="test_malformed_parameters_are_denied" time="0.000" /><testcase classname="tests.test_integrity_rails" name="test_the_negative_balance_rail_refuses_to_commit" time="0.000" /><testcase classname="tests.test_integrity_rails" name="test_the_negative_stock_rail_refuses_to_commit" time="0.000" /><testcase classname="tests.test_integrity_rails" name="test_the_balanced_effects_rail_refuses_to_commit" time="0.000" /><testcase classname="tests.test_integrity_rails" name="test_the_account_containment_rail_refuses_to_commit" time="0.000" /><testcase classname="tests.test_integrity_rails" name="test_a_legitimate_commit_passes_every_rail" time="0.000" /><testcase classname="tests.test_integrity_rails" name="test_an_empty_commit_passes_every_rail" time="0.000" /><testcase classname="tests.test_integrity_rails" name="test_the_rails_are_not_assertions_that_optimisation_would_remove" time="0.000" /><testcase classname="tests.test_integrity_rails" name="test_an_ordinary_contended_tick_still_settles_under_the_rails" time="0.000" /><testcase classname="tests.test_integrity_rails" name="test_consumption_stays_inside_the_conserved_total" time="0.000" /><testcase classname="tests.test_observation" name="test_state_mappings_refuse_mutation" time="0.000" /><testcase classname="tests.test_observation" name="test_state_objects_are_frozen" time="0.000" /><testcase classname="tests.test_observation" name="test_a_sources_authorised_set_refuses_new_members" time="0.000" /><testcase classname="tests.test_observation" name="test_a_view_refuses_mutation" time="0.000" /><testcase classname="tests.test_observation" name="test_a_view_is_handed_a_copy_rather_than_a_handle_on_the_world" time="0.000" /><testcase classname="tests.test_observation" name="test_two_views_do_not_share_one_mapping" time="0.000" /><testcase classname="tests.test_observation" name="test_a_view_cannot_reach_the_live_state_it_was_built_from" time="0.000" /><testcase classname="tests.test_observation" name="test_a_view_taken_earlier_does_not_change_when_the_world_advances" time="0.000" /><testcase classname="tests.test_observation" name="test_a_tick_record_taken_earlier_does_not_change_when_the_world_advances" time="0.000" /><testcase classname="tests.test_observation" name="test_a_tick_record_refuses_mutation" time="0.000" /><testcase classname="tests.test_observation" name="test_the_canonical_copy_handed_out_is_not_the_records_own_state" time="0.000" /><testcase classname="tests.test_observation" name="test_the_canonical_copy_of_a_state_is_not_the_states_own_state" time="0.000" /><testcase classname="tests.test_observation" name="test_mutating_the_genesis_input_maps_afterwards_changes_nothing" time="0.000" /><testcase classname="tests.test_observation" name="test_mutating_a_proposals_parameter_map_afterwards_changes_nothing" time="0.000" /><testcase classname="tests.test_observation" name="test_refused_observer_mutation_leaves_the_canonical_identity_unchanged" time="0.000" /><testcase classname="tests.test_observation" name="test_the_engine_does_not_hand_out_its_own_mutable_working_state" time="0.000" /><testcase classname="tests.test_orchestrator" name="test_o7_source_does_not_import_kernel_or_run_gate" time="0.008" /><testcase classname="tests.test_orchestrator" name="test_o1_status_does_not_change_git_or_receipts" time="0.677" /><testcase classname="tests.test_orchestrator" name="test_o2_complete_receipt_does_not_accept_stage_1a" time="0.501" /><testcase classname="tests.test_orchestrator" name="test_o3_mutation_instrument_is_not_eligible_or_runnable" time="0.509" /><testcase classname="tests.test_orchestrator" name="test_o4_scientific_next_is_not_an_executable_registry_id" time="0.784" /><testcase classname="tests.test_orchestrator" name="test_o5_o6_does_not_invoke_run_gate_or_create_receipts" time="0.882" /><testcase classname="tests.test_orchestrator" name="test_o8_malformed_registry_fails_closed" time="0.474" /><testcase classname="tests.test_orchestrator" name="test_o9_o10_o11_o12_planes_and_vocabulary" time="0.509" /><testcase classname="tests.test_orchestrator" name="test_o11_status_and_explain_keep_acceptance_false" time="1.024" /><testcase classname="tests.test_orchestrator" name="test_missing_status_or_explain_does_not_run_a_gate" time="0.065" /><testcase classname="tests.test_orchestrator" name="test_malformed_receipt_is_unknown_not_repaired" time="0.787" /><testcase classname="tests.test_orchestrator" name="test_n1_n2_n3_next_is_read_only_and_does_not_run_gates" time="0.563" /><testcase classname="tests.test_orchestrator" name="test_n4_n5_n6_safe_eligible_mutation_ineligible" time="0.503" /><testcase classname="tests.test_orchestrator" name="test_n7_n8_scientific_next_is_separate_and_not_a_registry_id" time="0.498" /><testcase classname="tests.test_orchestrator" name="test_n9_malformed_registry_fails_closed" time="0.470" /><testcase classname="tests.test_orchestrator" name="test_n10_acceptance_claimed_true_is_ineligible" time="0.465" /><testcase classname="tests.test_orchestrator" name="test_n11_unknown_unsafe_metadata_is_not_permissive" time="0.459" /><testcase classname="tests.test_orchestrator" name="test_n12_complete_receipt_does_not_clear_scientific_review" time="0.722" /><testcase classname="tests.test_orchestrator" name="test_n13_n14_preflight_pass_is_not_acceptance" time="0.809" /><testcase classname="tests.test_orchestrator" name="test_n15_no_arbitrary_command_text_as_action_id" time="0.502" /><testcase classname="tests.test_orchestrator" name="test_n16_repeated_next_is_deterministic" time="1.012" /><testcase classname="tests.test_orchestrator" name="test_n17_status_and_explain_phase1_behaviour_unchanged" time="1.017" /><testcase classname="tests.test_orchestrator" name="test_n18_next_source_still_avoids_kernel" time="0.007" /><testcase classname="tests.test_orchestrator" name="test_d1_d2_d3_d4_d24_dry_run_resolves_to_run_gate_without_executing" time="0.565" /><testcase classname="tests.test_orchestrator" name="test_d5_conflicting_run_refuses_and_does_not_execute" time="0.001" /><testcase classname="tests.test_orchestrator" name="test_d6_unknown_id_refuses" time="0.519" /><testcase classname="tests.test_orchestrator" name="test_d7_d8_unsafe_refuses_even_with_allow_dirty" time="1.324" /><testcase classname="tests.test_orchestrator" name="test_d9_acceptance_claimed_refuses" time="0.471" /><testcase classname="tests.test_orchestrator" name="test_d10_malformed_registry_fails_closed" time="0.476" /><testcase classname="tests.test_orchestrator" name="test_d11_malformed_unsafe_fails_closed" time="0.463" /><testcase classname="tests.test_orchestrator" name="test_d12_extra_argv_is_rejected" time="0.066" /><testcase classname="tests.test_orchestrator" name="test_d13_d14_d15_no_override_flags" time="0.066" /><testcase classname="tests.test_orchestrator" name="test_d16_d17_dirty_tree_allow_dirty_resolution" time="1.053" /><testcase classname="tests.test_orchestrator" name="test_d19_d20_exact_id_and_deterministic" time="1.029" /><testcase classname="tests.test_orchestrator" name="test_d21_d22_d23_prior_commands_and_no_kernel" time="1.537" /><testcase classname="tests.test_orchestrator" name="test_redteam_path_and_shell_ids_are_unknown" time="2.923" /><testcase classname="tests.test_orchestrator" name="test_safe_entry_is_mechanically_eligible_but_not_executable" time="0.507" /><testcase classname="tests.test_orchestrator" name="test_falsey_unsafe_metadata_cannot_become_safe[None]" time="0.002" /><testcase classname="tests.test_orchestrator" name="test_falsey_unsafe_metadata_cannot_become_safe[False]" time="0.002" /><testcase classname="tests.test_orchestrator" name="test_falsey_unsafe_metadata_cannot_become_safe[0]" time="0.002" /><testcase classname="tests.test_orchestrator" name="test_falsey_unsafe_metadata_cannot_become_safe[]" time="0.002" /><testcase classname="tests.test_orchestrator" name="test_falsey_unsafe_metadata_cannot_become_safe[value4]" time="0.002" /><testcase classname="tests.test_orchestrator" name="test_acceptance_requires_explicit_boolean_false[None]" time="0.002" /><testcase classname="tests.test_orchestrator" name="test_acceptance_requires_explicit_boolean_false[0]" time="0.002" /><testcase classname="tests.test_orchestrator" name="test_acceptance_requires_explicit_boolean_false[false]" time="0.002" /><testcase classname="tests.test_orchestrator" name="test_acceptance_requires_explicit_boolean_false[]" time="0.002" /><testcase classname="tests.test_orchestrator" name="test_acceptance_requires_explicit_boolean_false[value4]" time="0.002" /><testcase classname="tests.test_orchestrator" name="test_acceptance_requires_explicit_boolean_false[value5]" time="0.002" /><testcase classname="tests.test_orchestrator" name="test_non_object_registry_is_blocked_without_traceback[payload0]" time="0.002" /><testcase classname="tests.test_orchestrator" name="test_non_object_registry_is_blocked_without_traceback[None]" time="0.001" /><testcase classname="tests.test_orchestrator" name="test_non_object_registry_is_blocked_without_traceback[0]" time="0.001" /><testcase classname="tests.test_orchestrator" name="test_non_object_registry_is_blocked_without_traceback[registry]" time="0.002" /><testcase classname="tests.test_orchestrator" name="test_invalid_utf8_registry_is_blocked" time="0.002" /><testcase classname="tests.test_orchestrator" name="test_duplicate_registry_ids_fail_closed" time="0.002" /><testcase classname="tests.test_orchestrator" name="test_invalid_registry_identity_fails_closed[42]" time="0.002" /><testcase classname="tests.test_orchestrator" name="test_invalid_registry_identity_fails_closed[gate_id1]" time="0.002" /><testcase classname="tests.test_orchestrator" name="test_invalid_registry_identity_fails_closed[../gate]" time="0.002" /><testcase classname="tests.test_orchestrator" name="test_invalid_registry_identity_fails_closed[gate;echo]" time="0.002" /><testcase classname="tests.test_orchestrator" name="test_invalid_registry_identity_fails_closed[gate\naccepted: yes]" time="0.002" /><testcase classname="tests.test_orchestrator" name="test_invalid_registry_identity_fails_closed[--status]" time="0.002" /><testcase classname="tests.test_orchestrator" name="test_malformed_execution_metadata_is_not_eligible[changes0]" time="0.002" /><testcase classname="tests.test_orchestrator" name="test_malformed_execution_metadata_is_not_eligible[changes1]" time="0.002" /><testcase classname="tests.test_orchestrator" name="test_malformed_execution_metadata_is_not_eligible[changes2]" time="0.002" /><testcase classname="tests.test_orchestrator" name="test_malformed_execution_metadata_is_not_eligible[changes3]" time="0.002" /><testcase classname="tests.test_orchestrator" name="test_malformed_execution_metadata_is_not_eligible[changes4]" time="0.002" /><testcase classname="tests.test_orchestrator" name="test_malformed_execution_metadata_is_not_eligible[changes5]" time="0.002" /><testcase classname="tests.test_orchestrator" name="test_malformed_execution_metadata_is_not_eligible[changes6]" time="0.002" /><testcase classname="tests.test_orchestrator" name="test_malformed_execution_metadata_is_not_eligible[changes7]" time="0.002" /><testcase classname="tests.test_orchestrator" name="test_corrupt_receipt_blocks_future_resolution_without_crashing[]" time="0.004" /><testcase classname="tests.test_orchestrator" name="test_corrupt_receipt_blocks_future_resolution_without_crashing[\xff]" time="0.004" /><testcase classname="tests.test_orchestrator" name="test_corrupt_receipt_blocks_future_resolution_without_crashing[EVIDENCE_COMPLETE\nIN_PROGRESS\n]" time="0.004" /><testcase classname="tests.test_orchestrator" name="test_in_progress_receipt_blocks_even_with_dirty_override" time="0.004" /><testcase classname="tests.test_orchestrator" name="test_inspection_root_cannot_replace_trusted_preflight" time="0.404" /><testcase classname="tests.test_orchestrator" name="test_preflight_pass_does_not_override_authority_or_integrity_conflict[sim3_state_milestone_mismatch recorded=Stage 2 actual=Stage 1]" time="0.002" /><testcase classname="tests.test_orchestrator" name="test_preflight_pass_does_not_override_authority_or_integrity_conflict[sim3_state_claims_accepted_gate fabricated]" time="0.002" /><testcase classname="tests.test_orchestrator" name="test_preflight_pass_does_not_override_authority_or_integrity_conflict[file_manifest_hash_mismatch kernel/engine.py]" time="0.002" /><testcase classname="tests.test_orchestrator" name="test_preflight_pass_does_not_override_authority_or_integrity_conflict[unopened_stage_record_present evidence/stage-02/RECORD.md]" time="0.002" /><testcase classname="tests.test_orchestrator" name="test_missing_authoritative_milestone_is_not_eligible" time="0.002" /><testcase classname="tests.test_orchestrator" name="test_cli_utf8_output_does_not_depend_on_parent_encoding" time="0.511" /><testcase classname="tests.test_orchestrator" name="test_all_inspection_modes_only_spawn_pinned_preflight[flags0]" time="0.437" /><testcase classname="tests.test_orchestrator" name="test_all_inspection_modes_only_spawn_pinned_preflight[flags1]" time="0.437" /><testcase classname="tests.test_orchestrator" name="test_all_inspection_modes_only_spawn_pinned_preflight[flags2]" time="0.471" /><testcase classname="tests.test_orchestrator" name="test_all_inspection_modes_only_spawn_pinned_preflight[flags3]" time="0.756" /><testcase classname="tests.test_orchestrator" name="test_all_inspection_modes_only_spawn_pinned_preflight[flags4]" time="0.451" /><testcase classname="tests.test_orchestrator" name="test_invalid_cli_combinations_refuse_before_inspection[flags0]" time="0.001" /><testcase classname="tests.test_orchestrator" name="test_invalid_cli_combinations_refuse_before_inspection[flags1]" time="0.001" /><testcase classname="tests.test_orchestrator" name="test_invalid_cli_combinations_refuse_before_inspection[flags2]" time="0.001" /><testcase classname="tests.test_orchestrator" name="test_invalid_cli_combinations_refuse_before_inspection[flags3]" time="0.001" /><testcase classname="tests.test_orchestrator" name="test_invalid_cli_combinations_refuse_before_inspection[flags4]" time="0.001" /><testcase classname="tests.test_orchestrator" name="test_invalid_cli_combinations_refuse_before_inspection[flags5]" time="0.001" /><testcase classname="tests.test_orchestrator" name="test_invalid_cli_combinations_refuse_before_inspection[flags6]" time="0.001" /><testcase classname="tests.test_orchestrator" name="test_duplicate_json_fields_are_not_silently_overwritten" time="0.002" /><testcase classname="tests.test_orchestrator" name="test_preflight_failure_is_blocked_even_without_error_text" time="0.002" /><testcase classname="tests.test_orchestrator" name="test_unreadable_receipt_directory_is_blocked" time="0.003" /><testcase classname="tests.test_orchestrator" name="test_other_registry_acceptance_claim_prevents_runner_disagreement" time="0.002" /><testcase classname="tests.test_orchestrator" name="test_clean_tree_resolution_is_still_not_execution" time="0.589" /><testcase classname="tests.test_orchestrator" name="test_live_authority_conflict_is_ineligible" time="0.463" /><testcase classname="tests.test_orchestrator_audit" name="test_malformed_audit_prevents_dispatch_and_stays_unchanged[array]" time="0.106"><error message="failed on setup with &quot;AssertionError: Cloning into 'C:\Users\RJLoc\Documents\Codex\2026-09-23\referenced-chatgpt-conversation-this-is-an\work\pytest-R1\test_malformed_audit_prevents_0'...&#10;  warning: --local is ignored&#10;  fatal: 'C:\Users\RJLoc\Documents\Codex\2026-09-23\referenced-chatgpt-conversation-this-is-an\work\run\orchestrator-freeze' does not appear to be a git repository&#10;  fatal: Could not read from remote repository.&#10;  &#10;  Please make sure you have the correct access rights&#10;  and the repository exists.&#10;  &#10;assert 128 == 0&#10; +  where 128 = CompletedProcess(args=['git', '-c', 'safe.directory=C:/Users/RJLoc/Documents/Codex/2026-09-23/referenced-chatgpt-conve...not read from remote repository.\n\nPlease make sure you have the correct access rights\nand the repository exists.\n&quot;).returncode&quot;">tmp_path = WindowsPath('C:/Users/RJLoc/Documents/Codex/2026-09-23/referenced-chatgpt-conversation-this-is-an/work/pytest-R1/test_malformed_audit_prevents_0')

    @pytest.fixture
    def repo(tmp_path):
        result = subprocess.run(['git', '-c', 'safe.directory=' + BASELINE.as_posix(),
            '-c', 'safe.directory=C:/dev/03-Living-World-V3/.git/worktrees/orchestrator-freeze',
            'clone', '--no-hardlinks', '--local', '--branch', 'codex/orchestrator-phases-1-3-freeze',
            str(BASELINE), str(tmp_path)], capture_output=True, text=True)
&gt;       assert result.returncode == 0, result.stderr
E       AssertionError: Cloning into 'C:\Users\RJLoc\Documents\Codex\2026-09-23\referenced-chatgpt-conversation-this-is-an\work\pytest-R1\test_malformed_audit_prevents_0'...
E         warning: --local is ignored
E         fatal: 'C:\Users\RJLoc\Documents\Codex\2026-09-23\referenced-chatgpt-conversation-this-is-an\work\run\orchestrator-freeze' does not appear to be a git repository
E         fatal: Could not read from remote repository.
E         
E         Please make sure you have the correct access rights
E         and the repository exists.
E         
E       assert 128 == 0
E        +  where 128 = CompletedProcess(args=['git', '-c', 'safe.directory=C:/Users/RJLoc/Documents/Codex/2026-09-23/referenced-chatgpt-conve...not read from remote repository.\n\nPlease make sure you have the correct access rights\nand the repository exists.\n").returncode

tests\test_orchestrator_execution.py:45: AssertionError</error></testcase><testcase classname="tests.test_orchestrator_audit" name="test_malformed_audit_prevents_dispatch_and_stays_unchanged[event]" time="0.083"><error message="failed on setup with &quot;AssertionError: Cloning into 'C:\Users\RJLoc\Documents\Codex\2026-09-23\referenced-chatgpt-conversation-this-is-an\work\pytest-R1\test_malformed_audit_prevents_1'...&#10;  warning: --local is ignored&#10;  fatal: 'C:\Users\RJLoc\Documents\Codex\2026-09-23\referenced-chatgpt-conversation-this-is-an\work\run\orchestrator-freeze' does not appear to be a git repository&#10;  fatal: Could not read from remote repository.&#10;  &#10;  Please make sure you have the correct access rights&#10;  and the repository exists.&#10;  &#10;assert 128 == 0&#10; +  where 128 = CompletedProcess(args=['git', '-c', 'safe.directory=C:/Users/RJLoc/Documents/Codex/2026-09-23/referenced-chatgpt-conve...not read from remote repository.\n\nPlease make sure you have the correct access rights\nand the repository exists.\n&quot;).returncode&quot;">tmp_path = WindowsPath('C:/Users/RJLoc/Documents/Codex/2026-09-23/referenced-chatgpt-conversation-this-is-an/work/pytest-R1/test_malformed_audit_prevents_1')

    @pytest.fixture
    def repo(tmp_path):
        result = subprocess.run(['git', '-c', 'safe.directory=' + BASELINE.as_posix(),
            '-c', 'safe.directory=C:/dev/03-Living-World-V3/.git/worktrees/orchestrator-freeze',
            'clone', '--no-hardlinks', '--local', '--branch', 'codex/orchestrator-phases-1-3-freeze',
            str(BASELINE), str(tmp_path)], capture_output=True, text=True)
&gt;       assert result.returncode == 0, result.stderr
E       AssertionError: Cloning into 'C:\Users\RJLoc\Documents\Codex\2026-09-23\referenced-chatgpt-conversation-this-is-an\work\pytest-R1\test_malformed_audit_prevents_1'...
E         warning: --local is ignored
E         fatal: 'C:\Users\RJLoc\Documents\Codex\2026-09-23\referenced-chatgpt-conversation-this-is-an\work\run\orchestrator-freeze' does not appear to be a git repository
E         fatal: Could not read from remote repository.
E         
E         Please make sure you have the correct access rights
E         and the repository exists.
E         
E       assert 128 == 0
E        +  where 128 = CompletedProcess(args=['git', '-c', 'safe.directory=C:/Users/RJLoc/Documents/Codex/2026-09-23/referenced-chatgpt-conve...not read from remote repository.\n\nPlease make sure you have the correct access rights\nand the repository exists.\n").returncode

tests\test_orchestrator_execution.py:45: AssertionError</error></testcase><testcase classname="tests.test_orchestrator_audit" name="test_malformed_audit_prevents_dispatch_and_stays_unchanged[orphan]" time="0.083"><error message="failed on setup with &quot;AssertionError: Cloning into 'C:\Users\RJLoc\Documents\Codex\2026-09-23\referenced-chatgpt-conversation-this-is-an\work\pytest-R1\test_malformed_audit_prevents_2'...&#10;  warning: --local is ignored&#10;  fatal: 'C:\Users\RJLoc\Documents\Codex\2026-09-23\referenced-chatgpt-conversation-this-is-an\work\run\orchestrator-freeze' does not appear to be a git repository&#10;  fatal: Could not read from remote repository.&#10;  &#10;  Please make sure you have the correct access rights&#10;  and the repository exists.&#10;  &#10;assert 128 == 0&#10; +  where 128 = CompletedProcess(args=['git', '-c', 'safe.directory=C:/Users/RJLoc/Documents/Codex/2026-09-23/referenced-chatgpt-conve...not read from remote repository.\n\nPlease make sure you have the correct access rights\nand the repository exists.\n&quot;).returncode&quot;">tmp_path = WindowsPath('C:/Users/RJLoc/Documents/Codex/2026-09-23/referenced-chatgpt-conversation-this-is-an/work/pytest-R1/test_malformed_audit_prevents_2')

    @pytest.fixture
    def repo(tmp_path):
        result = subprocess.run(['git', '-c', 'safe.directory=' + BASELINE.as_posix(),
            '-c', 'safe.directory=C:/dev/03-Living-World-V3/.git/worktrees/orchestrator-freeze',
            'clone', '--no-hardlinks', '--local', '--branch', 'codex/orchestrator-phases-1-3-freeze',
            str(BASELINE), str(tmp_path)], capture_output=True, text=True)
&gt;       assert result.returncode == 0, result.stderr
E       AssertionError: Cloning into 'C:\Users\RJLoc\Documents\Codex\2026-09-23\referenced-chatgpt-conversation-this-is-an\work\pytest-R1\test_malformed_audit_prevents_2'...
E         warning: --local is ignored
E         fatal: 'C:\Users\RJLoc\Documents\Codex\2026-09-23\referenced-chatgpt-conversation-this-is-an\work\run\orchestrator-freeze' does not appear to be a git repository
E         fatal: Could not read from remote repository.
E         
E         Please make sure you have the correct access rights
E         and the repository exists.
E         
E       assert 128 == 0
E        +  where 128 = CompletedProcess(args=['git', '-c', 'safe.directory=C:/Users/RJLoc/Documents/Codex/2026-09-23/referenced-chatgpt-conve...not read from remote repository.\n\nPlease make sure you have the correct access rights\nand the repository exists.\n").returncode

tests\test_orchestrator_execution.py:45: AssertionError</error></testcase><testcase classname="tests.test_orchestrator_audit" name="test_registered_timeout_requires_review[main]" time="0.087"><error message="failed on setup with &quot;AssertionError: Cloning into 'C:\Users\RJLoc\Documents\Codex\2026-09-23\referenced-chatgpt-conversation-this-is-an\work\pytest-R1\test_registered_timeout_requir0'...&#10;  warning: --local is ignored&#10;  fatal: 'C:\Users\RJLoc\Documents\Codex\2026-09-23\referenced-chatgpt-conversation-this-is-an\work\run\orchestrator-freeze' does not appear to be a git repository&#10;  fatal: Could not read from remote repository.&#10;  &#10;  Please make sure you have the correct access rights&#10;  and the repository exists.&#10;  &#10;assert 128 == 0&#10; +  where 128 = CompletedProcess(args=['git', '-c', 'safe.directory=C:/Users/RJLoc/Documents/Codex/2026-09-23/referenced-chatgpt-conve...not read from remote repository.\n\nPlease make sure you have the correct access rights\nand the repository exists.\n&quot;).returncode&quot;">tmp_path = WindowsPath('C:/Users/RJLoc/Documents/Codex/2026-09-23/referenced-chatgpt-conversation-this-is-an/work/pytest-R1/test_registered_timeout_requir0')

    @pytest.fixture
    def repo(tmp_path):
        result = subprocess.run(['git', '-c', 'safe.directory=' + BASELINE.as_posix(),
            '-c', 'safe.directory=C:/dev/03-Living-World-V3/.git/worktrees/orchestrator-freeze',
            'clone', '--no-hardlinks', '--local', '--branch', 'codex/orchestrator-phases-1-3-freeze',
            str(BASELINE), str(tmp_path)], capture_output=True, text=True)
&gt;       assert result.returncode == 0, result.stderr
E       AssertionError: Cloning into 'C:\Users\RJLoc\Documents\Codex\2026-09-23\referenced-chatgpt-conversation-this-is-an\work\pytest-R1\test_registered_timeout_requir0'...
E         warning: --local is ignored
E         fatal: 'C:\Users\RJLoc\Documents\Codex\2026-09-23\referenced-chatgpt-conversation-this-is-an\work\run\orchestrator-freeze' does not appear to be a git repository
E         fatal: Could not read from remote repository.
E         
E         Please make sure you have the correct access rights
E         and the repository exists.
E         
E       assert 128 == 0
E        +  where 128 = CompletedProcess(args=['git', '-c', 'safe.directory=C:/Users/RJLoc/Documents/Codex/2026-09-23/referenced-chatgpt-conve...not read from remote repository.\n\nPlease make sure you have the correct access rights\nand the repository exists.\n").returncode

tests\test_orchestrator_execution.py:45: AssertionError</error></testcase><testcase classname="tests.test_orchestrator_audit" name="test_registered_timeout_requires_review[check]" time="0.082"><error message="failed on setup with &quot;AssertionError: Cloning into 'C:\Users\RJLoc\Documents\Codex\2026-09-23\referenced-chatgpt-conversation-this-is-an\work\pytest-R1\test_registered_timeout_requir1'...&#10;  warning: --local is ignored&#10;  fatal: 'C:\Users\RJLoc\Documents\Codex\2026-09-23\referenced-chatgpt-conversation-this-is-an\work\run\orchestrator-freeze' does not appear to be a git repository&#10;  fatal: Could not read from remote repository.&#10;  &#10;  Please make sure you have the correct access rights&#10;  and the repository exists.&#10;  &#10;assert 128 == 0&#10; +  where 128 = CompletedProcess(args=['git', '-c', 'safe.directory=C:/Users/RJLoc/Documents/Codex/2026-09-23/referenced-chatgpt-conve...not read from remote repository.\n\nPlease make sure you have the correct access rights\nand the repository exists.\n&quot;).returncode&quot;">tmp_path = WindowsPath('C:/Users/RJLoc/Documents/Codex/2026-09-23/referenced-chatgpt-conversation-this-is-an/work/pytest-R1/test_registered_timeout_requir1')

    @pytest.fixture
    def repo(tmp_path):
        result = subprocess.run(['git', '-c', 'safe.directory=' + BASELINE.as_posix(),
            '-c', 'safe.directory=C:/dev/03-Living-World-V3/.git/worktrees/orchestrator-freeze',
            'clone', '--no-hardlinks', '--local', '--branch', 'codex/orchestrator-phases-1-3-freeze',
            str(BASELINE), str(tmp_path)], capture_output=True, text=True)
&gt;       assert result.returncode == 0, result.stderr
E       AssertionError: Cloning into 'C:\Users\RJLoc\Documents\Codex\2026-09-23\referenced-chatgpt-conversation-this-is-an\work\pytest-R1\test_registered_timeout_requir1'...
E         warning: --local is ignored
E         fatal: 'C:\Users\RJLoc\Documents\Codex\2026-09-23\referenced-chatgpt-conversation-this-is-an\work\run\orchestrator-freeze' does not appear to be a git repository
E         fatal: Could not read from remote repository.
E         
E         Please make sure you have the correct access rights
E         and the repository exists.
E         
E       assert 128 == 0
E        +  where 128 = CompletedProcess(args=['git', '-c', 'safe.directory=C:/Users/RJLoc/Documents/Codex/2026-09-23/referenced-chatgpt-conve...not read from remote repository.\n\nPlease make sure you have the correct access rights\nand the repository exists.\n").returncode

tests\test_orchestrator_execution.py:45: AssertionError</error></testcase><testcase classname="tests.test_orchestrator_audit" name="test_changed_historical_receipt_is_not_silently_trusted" time="0.081"><error message="failed on setup with &quot;AssertionError: Cloning into 'C:\Users\RJLoc\Documents\Codex\2026-09-23\referenced-chatgpt-conversation-this-is-an\work\pytest-R1\test_changed_historical_receip0'...&#10;  warning: --local is ignored&#10;  fatal: 'C:\Users\RJLoc\Documents\Codex\2026-09-23\referenced-chatgpt-conversation-this-is-an\work\run\orchestrator-freeze' does not appear to be a git repository&#10;  fatal: Could not read from remote repository.&#10;  &#10;  Please make sure you have the correct access rights&#10;  and the repository exists.&#10;  &#10;assert 128 == 0&#10; +  where 128 = CompletedProcess(args=['git', '-c', 'safe.directory=C:/Users/RJLoc/Documents/Codex/2026-09-23/referenced-chatgpt-conve...not read from remote repository.\n\nPlease make sure you have the correct access rights\nand the repository exists.\n&quot;).returncode&quot;">tmp_path = WindowsPath('C:/Users/RJLoc/Documents/Codex/2026-09-23/referenced-chatgpt-conversation-this-is-an/work/pytest-R1/test_changed_historical_receip0')

    @pytest.fixture
    def repo(tmp_path):
        result = subprocess.run(['git', '-c', 'safe.directory=' + BASELINE.as_posix(),
            '-c', 'safe.directory=C:/dev/03-Living-World-V3/.git/worktrees/orchestrator-freeze',
            'clone', '--no-hardlinks', '--local', '--branch', 'codex/orchestrator-phases-1-3-freeze',
            str(BASELINE), str(tmp_path)], capture_output=True, text=True)
&gt;       assert result.returncode == 0, result.stderr
E       AssertionError: Cloning into 'C:\Users\RJLoc\Documents\Codex\2026-09-23\referenced-chatgpt-conversation-this-is-an\work\pytest-R1\test_changed_historical_receip0'...
E         warning: --local is ignored
E         fatal: 'C:\Users\RJLoc\Documents\Codex\2026-09-23\referenced-chatgpt-conversation-this-is-an\work\run\orchestrator-freeze' does not appear to be a git repository
E         fatal: Could not read from remote repository.
E         
E         Please make sure you have the correct access rights
E         and the repository exists.
E         
E       assert 128 == 0
E        +  where 128 = CompletedProcess(args=['git', '-c', 'safe.directory=C:/Users/RJLoc/Documents/Codex/2026-09-23/referenced-chatgpt-conve...not read from remote repository.\n\nPlease make sure you have the correct access rights\nand the repository exists.\n").returncode

tests\test_orchestrator_execution.py:45: AssertionError</error></testcase><testcase classname="tests.test_orchestrator_audit" name="test_supervised_interpreter_pid_is_the_actual_python_process" time="0.037" /><testcase classname="tests.test_orchestrator_audit" name="test_outer_timeout_preserves_actual_gate_output_and_blocks_retry" time="0.080"><error message="failed on setup with &quot;AssertionError: Cloning into 'C:\Users\RJLoc\Documents\Codex\2026-09-23\referenced-chatgpt-conversation-this-is-an\work\pytest-R1\test_outer_timeout_preserves_a0'...&#10;  warning: --local is ignored&#10;  fatal: 'C:\Users\RJLoc\Documents\Codex\2026-09-23\referenced-chatgpt-conversation-this-is-an\work\run\orchestrator-freeze' does not appear to be a git repository&#10;  fatal: Could not read from remote repository.&#10;  &#10;  Please make sure you have the correct access rights&#10;  and the repository exists.&#10;  &#10;assert 128 == 0&#10; +  where 128 = CompletedProcess(args=['git', '-c', 'safe.directory=C:/Users/RJLoc/Documents/Codex/2026-09-23/referenced-chatgpt-conve...not read from remote repository.\n\nPlease make sure you have the correct access rights\nand the repository exists.\n&quot;).returncode&quot;">tmp_path = WindowsPath('C:/Users/RJLoc/Documents/Codex/2026-09-23/referenced-chatgpt-conversation-this-is-an/work/pytest-R1/test_outer_timeout_preserves_a0')

    @pytest.fixture
    def repo(tmp_path):
        result = subprocess.run(['git', '-c', 'safe.directory=' + BASELINE.as_posix(),
            '-c', 'safe.directory=C:/dev/03-Living-World-V3/.git/worktrees/orchestrator-freeze',
            'clone', '--no-hardlinks', '--local', '--branch', 'codex/orchestrator-phases-1-3-freeze',
            str(BASELINE), str(tmp_path)], capture_output=True, text=True)
&gt;       assert result.returncode == 0, result.stderr
E       AssertionError: Cloning into 'C:\Users\RJLoc\Documents\Codex\2026-09-23\referenced-chatgpt-conversation-this-is-an\work\pytest-R1\test_outer_timeout_preserves_a0'...
E         warning: --local is ignored
E         fatal: 'C:\Users\RJLoc\Documents\Codex\2026-09-23\referenced-chatgpt-conversation-this-is-an\work\run\orchestrator-freeze' does not appear to be a git repository
E         fatal: Could not read from remote repository.
E         
E         Please make sure you have the correct access rights
E         and the repository exists.
E         
E       assert 128 == 0
E        +  where 128 = CompletedProcess(args=['git', '-c', 'safe.directory=C:/Users/RJLoc/Documents/Codex/2026-09-23/referenced-chatgpt-conve...not read from remote repository.\n\nPlease make sure you have the correct access rights\nand the repository exists.\n").returncode

tests\test_orchestrator_execution.py:45: AssertionError</error></testcase><testcase classname="tests.test_orchestrator_audit" name="test_request_rewrite_cannot_authorise_a_changed_registry" time="0.082"><error message="failed on setup with &quot;AssertionError: Cloning into 'C:\Users\RJLoc\Documents\Codex\2026-09-23\referenced-chatgpt-conversation-this-is-an\work\pytest-R1\test_request_rewrite_cannot_au0'...&#10;  warning: --local is ignored&#10;  fatal: 'C:\Users\RJLoc\Documents\Codex\2026-09-23\referenced-chatgpt-conversation-this-is-an\work\run\orchestrator-freeze' does not appear to be a git repository&#10;  fatal: Could not read from remote repository.&#10;  &#10;  Please make sure you have the correct access rights&#10;  and the repository exists.&#10;  &#10;assert 128 == 0&#10; +  where 128 = CompletedProcess(args=['git', '-c', 'safe.directory=C:/Users/RJLoc/Documents/Codex/2026-09-23/referenced-chatgpt-conve...not read from remote repository.\n\nPlease make sure you have the correct access rights\nand the repository exists.\n&quot;).returncode&quot;">tmp_path = WindowsPath('C:/Users/RJLoc/Documents/Codex/2026-09-23/referenced-chatgpt-conversation-this-is-an/work/pytest-R1/test_request_rewrite_cannot_au0')

    @pytest.fixture
    def repo(tmp_path):
        result = subprocess.run(['git', '-c', 'safe.directory=' + BASELINE.as_posix(),
            '-c', 'safe.directory=C:/dev/03-Living-World-V3/.git/worktrees/orchestrator-freeze',
            'clone', '--no-hardlinks', '--local', '--branch', 'codex/orchestrator-phases-1-3-freeze',
            str(BASELINE), str(tmp_path)], capture_output=True, text=True)
&gt;       assert result.returncode == 0, result.stderr
E       AssertionError: Cloning into 'C:\Users\RJLoc\Documents\Codex\2026-09-23\referenced-chatgpt-conversation-this-is-an\work\pytest-R1\test_request_rewrite_cannot_au0'...
E         warning: --local is ignored
E         fatal: 'C:\Users\RJLoc\Documents\Codex\2026-09-23\referenced-chatgpt-conversation-this-is-an\work\run\orchestrator-freeze' does not appear to be a git repository
E         fatal: Could not read from remote repository.
E         
E         Please make sure you have the correct access rights
E         and the repository exists.
E         
E       assert 128 == 0
E        +  where 128 = CompletedProcess(args=['git', '-c', 'safe.directory=C:/Users/RJLoc/Documents/Codex/2026-09-23/referenced-chatgpt-conve...not read from remote repository.\n\nPlease make sure you have the correct access rights\nand the repository exists.\n").returncode

tests\test_orchestrator_execution.py:45: AssertionError</error></testcase><testcase classname="tests.test_orchestrator_execution" name="test_invalid_metadata_never_dispatches[0]" time="0.006" /><testcase classname="tests.test_orchestrator_execution" name="test_invalid_metadata_never_dispatches[1]" time="0.005" /><testcase classname="tests.test_orchestrator_execution" name="test_invalid_metadata_never_dispatches[2]" time="0.005" /><testcase classname="tests.test_orchestrator_execution" name="test_invalid_metadata_never_dispatches[3]" time="0.005" /><testcase classname="tests.test_orchestrator_execution" name="test_invalid_metadata_never_dispatches[4]" time="0.005" /><testcase classname="tests.test_orchestrator_execution" name="test_invalid_metadata_never_dispatches[5]" time="0.005" /><testcase classname="tests.test_orchestrator_execution" name="test_invalid_metadata_never_dispatches[6]" time="0.005" /><testcase classname="tests.test_orchestrator_execution" name="test_invalid_metadata_never_dispatches[7]" time="0.005" /><testcase classname="tests.test_orchestrator_execution" name="test_invalid_metadata_never_dispatches[8]" time="0.005" /><testcase classname="tests.test_orchestrator_execution" name="test_invalid_metadata_never_dispatches[9]" time="0.005" /><testcase classname="tests.test_orchestrator_execution" name="test_invalid_metadata_never_dispatches[10]" time="0.005" /><testcase classname="tests.test_orchestrator_execution" name="test_invalid_registry_never_dispatches[duplicate]" time="0.005" /><testcase classname="tests.test_orchestrator_execution" name="test_invalid_registry_never_dispatches[path]" time="0.005" /><testcase classname="tests.test_orchestrator_execution" name="test_invalid_registry_never_dispatches[claim]" time="0.005" /><testcase classname="tests.test_orchestrator_execution" name="test_invalid_registry_never_dispatches[other-malformed]" time="0.005" /><testcase classname="tests.test_orchestrator_execution" name="test_invalid_registry_never_dispatches[unknown]" time="0.005" /><testcase classname="tests.test_orchestrator_execution" name="test_invalid_registry_never_dispatches[unsafe]" time="0.005" /><testcase classname="tests.test_orchestrator_execution" name="test_authority_conflict_refuses[claim]" time="0.005" /><testcase classname="tests.test_orchestrator_execution" name="test_authority_conflict_refuses[hash]" time="0.005" /><testcase classname="tests.test_orchestrator_execution" name="test_authority_conflict_refuses[stage]" time="0.005" /><testcase classname="tests.test_orchestrator_execution" name="test_unresolved_receipts_refuse_and_stay_unchanged[active]" time="0.006" /><testcase classname="tests.test_orchestrator_execution" name="test_unresolved_receipts_refuse_and_stay_unchanged[bad]" time="0.006" /><testcase classname="tests.test_orchestrator_execution" name="test_unresolved_receipts_refuse_and_stay_unchanged[empty]" time="0.006" /><testcase classname="tests.test_orchestrator_execution" name="test_unresolved_receipts_refuse_and_stay_unchanged[multi]" time="0.007" /><testcase classname="tests.test_orchestrator_execution" name="test_unresolved_receipts_refuse_and_stay_unchanged[interrupt]" time="0.006" /><testcase classname="tests.test_orchestrator_execution" name="test_unresolved_receipts_refuse_and_stay_unchanged[incomplete]" time="0.007" /><testcase classname="tests.test_orchestrator_execution" name="test_dirty_permission_is_not_implicit" time="0.006" /><testcase classname="tests.test_orchestrator_execution" name="test_actual_success_failure_and_receipt_protocol[0]" time="0.082"><error message="failed on setup with &quot;AssertionError: Cloning into 'C:\Users\RJLoc\Documents\Codex\2026-09-23\referenced-chatgpt-conversation-this-is-an\work\pytest-R1\test_actual_success_failure_an0'...&#10;  warning: --local is ignored&#10;  fatal: 'C:\Users\RJLoc\Documents\Codex\2026-09-23\referenced-chatgpt-conversation-this-is-an\work\run\orchestrator-freeze' does not appear to be a git repository&#10;  fatal: Could not read from remote repository.&#10;  &#10;  Please make sure you have the correct access rights&#10;  and the repository exists.&#10;  &#10;assert 128 == 0&#10; +  where 128 = CompletedProcess(args=['git', '-c', 'safe.directory=C:/Users/RJLoc/Documents/Codex/2026-09-23/referenced-chatgpt-conve...not read from remote repository.\n\nPlease make sure you have the correct access rights\nand the repository exists.\n&quot;).returncode&quot;">tmp_path = WindowsPath('C:/Users/RJLoc/Documents/Codex/2026-09-23/referenced-chatgpt-conversation-this-is-an/work/pytest-R1/test_actual_success_failure_an0')

    @pytest.fixture
    def repo(tmp_path):
        result = subprocess.run(['git', '-c', 'safe.directory=' + BASELINE.as_posix(),
            '-c', 'safe.directory=C:/dev/03-Living-World-V3/.git/worktrees/orchestrator-freeze',
            'clone', '--no-hardlinks', '--local', '--branch', 'codex/orchestrator-phases-1-3-freeze',
            str(BASELINE), str(tmp_path)], capture_output=True, text=True)
&gt;       assert result.returncode == 0, result.stderr
E       AssertionError: Cloning into 'C:\Users\RJLoc\Documents\Codex\2026-09-23\referenced-chatgpt-conversation-this-is-an\work\pytest-R1\test_actual_success_failure_an0'...
E         warning: --local is ignored
E         fatal: 'C:\Users\RJLoc\Documents\Codex\2026-09-23\referenced-chatgpt-conversation-this-is-an\work\run\orchestrator-freeze' does not appear to be a git repository
E         fatal: Could not read from remote repository.
E         
E         Please make sure you have the correct access rights
E         and the repository exists.
E         
E       assert 128 == 0
E        +  where 128 = CompletedProcess(args=['git', '-c', 'safe.directory=C:/Users/RJLoc/Documents/Codex/2026-09-23/referenced-chatgpt-conve...not read from remote repository.\n\nPlease make sure you have the correct access rights\nand the repository exists.\n").returncode

tests\test_orchestrator_execution.py:45: AssertionError</error></testcase><testcase classname="tests.test_orchestrator_execution" name="test_actual_success_failure_and_receipt_protocol[1]" time="0.082"><error message="failed on setup with &quot;AssertionError: Cloning into 'C:\Users\RJLoc\Documents\Codex\2026-09-23\referenced-chatgpt-conversation-this-is-an\work\pytest-R1\test_actual_success_failure_an1'...&#10;  warning: --local is ignored&#10;  fatal: 'C:\Users\RJLoc\Documents\Codex\2026-09-23\referenced-chatgpt-conversation-this-is-an\work\run\orchestrator-freeze' does not appear to be a git repository&#10;  fatal: Could not read from remote repository.&#10;  &#10;  Please make sure you have the correct access rights&#10;  and the repository exists.&#10;  &#10;assert 128 == 0&#10; +  where 128 = CompletedProcess(args=['git', '-c', 'safe.directory=C:/Users/RJLoc/Documents/Codex/2026-09-23/referenced-chatgpt-conve...not read from remote repository.\n\nPlease make sure you have the correct access rights\nand the repository exists.\n&quot;).returncode&quot;">tmp_path = WindowsPath('C:/Users/RJLoc/Documents/Codex/2026-09-23/referenced-chatgpt-conversation-this-is-an/work/pytest-R1/test_actual_success_failure_an1')

    @pytest.fixture
    def repo(tmp_path):
        result = subprocess.run(['git', '-c', 'safe.directory=' + BASELINE.as_posix(),
            '-c', 'safe.directory=C:/dev/03-Living-World-V3/.git/worktrees/orchestrator-freeze',
            'clone', '--no-hardlinks', '--local', '--branch', 'codex/orchestrator-phases-1-3-freeze',
            str(BASELINE), str(tmp_path)], capture_output=True, text=True)
&gt;       assert result.returncode == 0, result.stderr
E       AssertionError: Cloning into 'C:\Users\RJLoc\Documents\Codex\2026-09-23\referenced-chatgpt-conversation-this-is-an\work\pytest-R1\test_actual_success_failure_an1'...
E         warning: --local is ignored
E         fatal: 'C:\Users\RJLoc\Documents\Codex\2026-09-23\referenced-chatgpt-conversation-this-is-an\work\run\orchestrator-freeze' does not appear to be a git repository
E         fatal: Could not read from remote repository.
E         
E         Please make sure you have the correct access rights
E         and the repository exists.
E         
E       assert 128 == 0
E        +  where 128 = CompletedProcess(args=['git', '-c', 'safe.directory=C:/Users/RJLoc/Documents/Codex/2026-09-23/referenced-chatgpt-conve...not read from remote repository.\n\nPlease make sure you have the correct access rights\nand the repository exists.\n").returncode

tests\test_orchestrator_execution.py:45: AssertionError</error></testcase><testcase classname="tests.test_orchestrator_execution" name="test_actual_success_failure_and_receipt_protocol[2]" time="0.080"><error message="failed on setup with &quot;AssertionError: Cloning into 'C:\Users\RJLoc\Documents\Codex\2026-09-23\referenced-chatgpt-conversation-this-is-an\work\pytest-R1\test_actual_success_failure_an2'...&#10;  warning: --local is ignored&#10;  fatal: 'C:\Users\RJLoc\Documents\Codex\2026-09-23\referenced-chatgpt-conversation-this-is-an\work\run\orchestrator-freeze' does not appear to be a git repository&#10;  fatal: Could not read from remote repository.&#10;  &#10;  Please make sure you have the correct access rights&#10;  and the repository exists.&#10;  &#10;assert 128 == 0&#10; +  where 128 = CompletedProcess(args=['git', '-c', 'safe.directory=C:/Users/RJLoc/Documents/Codex/2026-09-23/referenced-chatgpt-conve...not read from remote repository.\n\nPlease make sure you have the correct access rights\nand the repository exists.\n&quot;).returncode&quot;">tmp_path = WindowsPath('C:/Users/RJLoc/Documents/Codex/2026-09-23/referenced-chatgpt-conversation-this-is-an/work/pytest-R1/test_actual_success_failure_an2')

    @pytest.fixture
    def repo(tmp_path):
        result = subprocess.run(['git', '-c', 'safe.directory=' + BASELINE.as_posix(),
            '-c', 'safe.directory=C:/dev/03-Living-World-V3/.git/worktrees/orchestrator-freeze',
            'clone', '--no-hardlinks', '--local', '--branch', 'codex/orchestrator-phases-1-3-freeze',
            str(BASELINE), str(tmp_path)], capture_output=True, text=True)
&gt;       assert result.returncode == 0, result.stderr
E       AssertionError: Cloning into 'C:\Users\RJLoc\Documents\Codex\2026-09-23\referenced-chatgpt-conversation-this-is-an\work\pytest-R1\test_actual_success_failure_an2'...
E         warning: --local is ignored
E         fatal: 'C:\Users\RJLoc\Documents\Codex\2026-09-23\referenced-chatgpt-conversation-this-is-an\work\run\orchestrator-freeze' does not appear to be a git repository
E         fatal: Could not read from remote repository.
E         
E         Please make sure you have the correct access rights
E         and the repository exists.
E         
E       assert 128 == 0
E        +  where 128 = CompletedProcess(args=['git', '-c', 'safe.directory=C:/Users/RJLoc/Documents/Codex/2026-09-23/referenced-chatgpt-conve...not read from remote repository.\n\nPlease make sure you have the correct access rights\nand the repository exists.\n").returncode

tests\test_orchestrator_execution.py:45: AssertionError</error></testcase><testcase classname="tests.test_orchestrator_execution" name="test_actual_success_failure_and_receipt_protocol[3]" time="0.078"><error message="failed on setup with &quot;AssertionError: Cloning into 'C:\Users\RJLoc\Documents\Codex\2026-09-23\referenced-chatgpt-conversation-this-is-an\work\pytest-R1\test_actual_success_failure_an3'...&#10;  warning: --local is ignored&#10;  fatal: 'C:\Users\RJLoc\Documents\Codex\2026-09-23\referenced-chatgpt-conversation-this-is-an\work\run\orchestrator-freeze' does not appear to be a git repository&#10;  fatal: Could not read from remote repository.&#10;  &#10;  Please make sure you have the correct access rights&#10;  and the repository exists.&#10;  &#10;assert 128 == 0&#10; +  where 128 = CompletedProcess(args=['git', '-c', 'safe.directory=C:/Users/RJLoc/Documents/Codex/2026-09-23/referenced-chatgpt-conve...not read from remote repository.\n\nPlease make sure you have the correct access rights\nand the repository exists.\n&quot;).returncode&quot;">tmp_path = WindowsPath('C:/Users/RJLoc/Documents/Codex/2026-09-23/referenced-chatgpt-conversation-this-is-an/work/pytest-R1/test_actual_success_failure_an3')

    @pytest.fixture
    def repo(tmp_path):
        result = subprocess.run(['git', '-c', 'safe.directory=' + BASELINE.as_posix(),
            '-c', 'safe.directory=C:/dev/03-Living-World-V3/.git/worktrees/orchestrator-freeze',
            'clone', '--no-hardlinks', '--local', '--branch', 'codex/orchestrator-phases-1-3-freeze',
            str(BASELINE), str(tmp_path)], capture_output=True, text=True)
&gt;       assert result.returncode == 0, result.stderr
E       AssertionError: Cloning into 'C:\Users\RJLoc\Documents\Codex\2026-09-23\referenced-chatgpt-conversation-this-is-an\work\pytest-R1\test_actual_success_failure_an3'...
E         warning: --local is ignored
E         fatal: 'C:\Users\RJLoc\Documents\Codex\2026-09-23\referenced-chatgpt-conversation-this-is-an\work\run\orchestrator-freeze' does not appear to be a git repository
E         fatal: Could not read from remote repository.
E         
E         Please make sure you have the correct access rights
E         and the repository exists.
E         
E       assert 128 == 0
E        +  where 128 = CompletedProcess(args=['git', '-c', 'safe.directory=C:/Users/RJLoc/Documents/Codex/2026-09-23/referenced-chatgpt-conve...not read from remote repository.\n\nPlease make sure you have the correct access rights\nand the repository exists.\n").returncode

tests\test_orchestrator_execution.py:45: AssertionError</error></testcase><testcase classname="tests.test_orchestrator_execution" name="test_actual_success_failure_and_receipt_protocol[7]" time="0.078"><error message="failed on setup with &quot;AssertionError: Cloning into 'C:\Users\RJLoc\Documents\Codex\2026-09-23\referenced-chatgpt-conversation-this-is-an\work\pytest-R1\test_actual_success_failure_an4'...&#10;  warning: --local is ignored&#10;  fatal: 'C:\Users\RJLoc\Documents\Codex\2026-09-23\referenced-chatgpt-conversation-this-is-an\work\run\orchestrator-freeze' does not appear to be a git repository&#10;  fatal: Could not read from remote repository.&#10;  &#10;  Please make sure you have the correct access rights&#10;  and the repository exists.&#10;  &#10;assert 128 == 0&#10; +  where 128 = CompletedProcess(args=['git', '-c', 'safe.directory=C:/Users/RJLoc/Documents/Codex/2026-09-23/referenced-chatgpt-conve...not read from remote repository.\n\nPlease make sure you have the correct access rights\nand the repository exists.\n&quot;).returncode&quot;">tmp_path = WindowsPath('C:/Users/RJLoc/Documents/Codex/2026-09-23/referenced-chatgpt-conversation-this-is-an/work/pytest-R1/test_actual_success_failure_an4')

    @pytest.fixture
    def repo(tmp_path):
        result = subprocess.run(['git', '-c', 'safe.directory=' + BASELINE.as_posix(),
            '-c', 'safe.directory=C:/dev/03-Living-World-V3/.git/worktrees/orchestrator-freeze',
            'clone', '--no-hardlinks', '--local', '--branch', 'codex/orchestrator-phases-1-3-freeze',
            str(BASELINE), str(tmp_path)], capture_output=True, text=True)
&gt;       assert result.returncode == 0, result.stderr
E       AssertionError: Cloning into 'C:\Users\RJLoc\Documents\Codex\2026-09-23\referenced-chatgpt-conversation-this-is-an\work\pytest-R1\test_actual_success_failure_an4'...
E         warning: --local is ignored
E         fatal: 'C:\Users\RJLoc\Documents\Codex\2026-09-23\referenced-chatgpt-conversation-this-is-an\work\run\orchestrator-freeze' does not appear to be a git repository
E         fatal: Could not read from remote repository.
E         
E         Please make sure you have the correct access rights
E         and the repository exists.
E         
E       assert 128 == 0
E        +  where 128 = CompletedProcess(args=['git', '-c', 'safe.directory=C:/Users/RJLoc/Documents/Codex/2026-09-23/referenced-chatgpt-conve...not read from remote repository.\n\nPlease make sure you have the correct access rights\nand the repository exists.\n").returncode

tests\test_orchestrator_execution.py:45: AssertionError</error></testcase><testcase classname="tests.test_orchestrator_execution" name="test_root_cannot_choose_preflight_or_runner" time="0.084"><error message="failed on setup with &quot;AssertionError: Cloning into 'C:\Users\RJLoc\Documents\Codex\2026-09-23\referenced-chatgpt-conversation-this-is-an\work\pytest-R1\test_root_cannot_choose_prefli0'...&#10;  warning: --local is ignored&#10;  fatal: 'C:\Users\RJLoc\Documents\Codex\2026-09-23\referenced-chatgpt-conversation-this-is-an\work\run\orchestrator-freeze' does not appear to be a git repository&#10;  fatal: Could not read from remote repository.&#10;  &#10;  Please make sure you have the correct access rights&#10;  and the repository exists.&#10;  &#10;assert 128 == 0&#10; +  where 128 = CompletedProcess(args=['git', '-c', 'safe.directory=C:/Users/RJLoc/Documents/Codex/2026-09-23/referenced-chatgpt-conve...not read from remote repository.\n\nPlease make sure you have the correct access rights\nand the repository exists.\n&quot;).returncode&quot;">tmp_path = WindowsPath('C:/Users/RJLoc/Documents/Codex/2026-09-23/referenced-chatgpt-conversation-this-is-an/work/pytest-R1/test_root_cannot_choose_prefli0')

    @pytest.fixture
    def repo(tmp_path):
        result = subprocess.run(['git', '-c', 'safe.directory=' + BASELINE.as_posix(),
            '-c', 'safe.directory=C:/dev/03-Living-World-V3/.git/worktrees/orchestrator-freeze',
            'clone', '--no-hardlinks', '--local', '--branch', 'codex/orchestrator-phases-1-3-freeze',
            str(BASELINE), str(tmp_path)], capture_output=True, text=True)
&gt;       assert result.returncode == 0, result.stderr
E       AssertionError: Cloning into 'C:\Users\RJLoc\Documents\Codex\2026-09-23\referenced-chatgpt-conversation-this-is-an\work\pytest-R1\test_root_cannot_choose_prefli0'...
E         warning: --local is ignored
E         fatal: 'C:\Users\RJLoc\Documents\Codex\2026-09-23\referenced-chatgpt-conversation-this-is-an\work\run\orchestrator-freeze' does not appear to be a git repository
E         fatal: Could not read from remote repository.
E         
E         Please make sure you have the correct access rights
E         and the repository exists.
E         
E       assert 128 == 0
E        +  where 128 = CompletedProcess(args=['git', '-c', 'safe.directory=C:/Users/RJLoc/Documents/Codex/2026-09-23/referenced-chatgpt-conve...not read from remote repository.\n\nPlease make sure you have the correct access rights\nand the repository exists.\n").returncode

tests\test_orchestrator_execution.py:45: AssertionError</error></testcase><testcase classname="tests.test_orchestrator_execution" name="test_registry_change_during_acquisition_refuses" time="0.081"><error message="failed on setup with &quot;AssertionError: Cloning into 'C:\Users\RJLoc\Documents\Codex\2026-09-23\referenced-chatgpt-conversation-this-is-an\work\pytest-R1\test_registry_change_during_ac0'...&#10;  warning: --local is ignored&#10;  fatal: 'C:\Users\RJLoc\Documents\Codex\2026-09-23\referenced-chatgpt-conversation-this-is-an\work\run\orchestrator-freeze' does not appear to be a git repository&#10;  fatal: Could not read from remote repository.&#10;  &#10;  Please make sure you have the correct access rights&#10;  and the repository exists.&#10;  &#10;assert 128 == 0&#10; +  where 128 = CompletedProcess(args=['git', '-c', 'safe.directory=C:/Users/RJLoc/Documents/Codex/2026-09-23/referenced-chatgpt-conve...not read from remote repository.\n\nPlease make sure you have the correct access rights\nand the repository exists.\n&quot;).returncode&quot;">tmp_path = WindowsPath('C:/Users/RJLoc/Documents/Codex/2026-09-23/referenced-chatgpt-conversation-this-is-an/work/pytest-R1/test_registry_change_during_ac0')

    @pytest.fixture
    def repo(tmp_path):
        result = subprocess.run(['git', '-c', 'safe.directory=' + BASELINE.as_posix(),
            '-c', 'safe.directory=C:/dev/03-Living-World-V3/.git/worktrees/orchestrator-freeze',
            'clone', '--no-hardlinks', '--local', '--branch', 'codex/orchestrator-phases-1-3-freeze',
            str(BASELINE), str(tmp_path)], capture_output=True, text=True)
&gt;       assert result.returncode == 0, result.stderr
E       AssertionError: Cloning into 'C:\Users\RJLoc\Documents\Codex\2026-09-23\referenced-chatgpt-conversation-this-is-an\work\pytest-R1\test_registry_change_during_ac0'...
E         warning: --local is ignored
E         fatal: 'C:\Users\RJLoc\Documents\Codex\2026-09-23\referenced-chatgpt-conversation-this-is-an\work\run\orchestrator-freeze' does not appear to be a git repository
E         fatal: Could not read from remote repository.
E         
E         Please make sure you have the correct access rights
E         and the repository exists.
E         
E       assert 128 == 0
E        +  where 128 = CompletedProcess(args=['git', '-c', 'safe.directory=C:/Users/RJLoc/Documents/Codex/2026-09-23/referenced-chatgpt-conve...not read from remote repository.\n\nPlease make sure you have the correct access rights\nand the repository exists.\n").returncode

tests\test_orchestrator_execution.py:45: AssertionError</error></testcase><testcase classname="tests.test_orchestrator_execution" name="test_changed_dirty_bytes_require_review" time="0.079"><error message="failed on setup with &quot;AssertionError: Cloning into 'C:\Users\RJLoc\Documents\Codex\2026-09-23\referenced-chatgpt-conversation-this-is-an\work\pytest-R1\test_changed_dirty_bytes_requi0'...&#10;  warning: --local is ignored&#10;  fatal: 'C:\Users\RJLoc\Documents\Codex\2026-09-23\referenced-chatgpt-conversation-this-is-an\work\run\orchestrator-freeze' does not appear to be a git repository&#10;  fatal: Could not read from remote repository.&#10;  &#10;  Please make sure you have the correct access rights&#10;  and the repository exists.&#10;  &#10;assert 128 == 0&#10; +  where 128 = CompletedProcess(args=['git', '-c', 'safe.directory=C:/Users/RJLoc/Documents/Codex/2026-09-23/referenced-chatgpt-conve...not read from remote repository.\n\nPlease make sure you have the correct access rights\nand the repository exists.\n&quot;).returncode&quot;">tmp_path = WindowsPath('C:/Users/RJLoc/Documents/Codex/2026-09-23/referenced-chatgpt-conversation-this-is-an/work/pytest-R1/test_changed_dirty_bytes_requi0')

    @pytest.fixture
    def repo(tmp_path):
        result = subprocess.run(['git', '-c', 'safe.directory=' + BASELINE.as_posix(),
            '-c', 'safe.directory=C:/dev/03-Living-World-V3/.git/worktrees/orchestrator-freeze',
            'clone', '--no-hardlinks', '--local', '--branch', 'codex/orchestrator-phases-1-3-freeze',
            str(BASELINE), str(tmp_path)], capture_output=True, text=True)
&gt;       assert result.returncode == 0, result.stderr
E       AssertionError: Cloning into 'C:\Users\RJLoc\Documents\Codex\2026-09-23\referenced-chatgpt-conversation-this-is-an\work\pytest-R1\test_changed_dirty_bytes_requi0'...
E         warning: --local is ignored
E         fatal: 'C:\Users\RJLoc\Documents\Codex\2026-09-23\referenced-chatgpt-conversation-this-is-an\work\run\orchestrator-freeze' does not appear to be a git repository
E         fatal: Could not read from remote repository.
E         
E         Please make sure you have the correct access rights
E         and the repository exists.
E         
E       assert 128 == 0
E        +  where 128 = CompletedProcess(args=['git', '-c', 'safe.directory=C:/Users/RJLoc/Documents/Codex/2026-09-23/referenced-chatgpt-conve...not read from remote repository.\n\nPlease make sure you have the correct access rights\nand the repository exists.\n").returncode

tests\test_orchestrator_execution.py:45: AssertionError</error></testcase><testcase classname="tests.test_orchestrator_execution" name="test_failed_postflight_is_not_success" time="0.082"><error message="failed on setup with &quot;AssertionError: Cloning into 'C:\Users\RJLoc\Documents\Codex\2026-09-23\referenced-chatgpt-conversation-this-is-an\work\pytest-R1\test_failed_postflight_is_not_0'...&#10;  warning: --local is ignored&#10;  fatal: 'C:\Users\RJLoc\Documents\Codex\2026-09-23\referenced-chatgpt-conversation-this-is-an\work\run\orchestrator-freeze' does not appear to be a git repository&#10;  fatal: Could not read from remote repository.&#10;  &#10;  Please make sure you have the correct access rights&#10;  and the repository exists.&#10;  &#10;assert 128 == 0&#10; +  where 128 = CompletedProcess(args=['git', '-c', 'safe.directory=C:/Users/RJLoc/Documents/Codex/2026-09-23/referenced-chatgpt-conve...not read from remote repository.\n\nPlease make sure you have the correct access rights\nand the repository exists.\n&quot;).returncode&quot;">tmp_path = WindowsPath('C:/Users/RJLoc/Documents/Codex/2026-09-23/referenced-chatgpt-conversation-this-is-an/work/pytest-R1/test_failed_postflight_is_not_0')

    @pytest.fixture
    def repo(tmp_path):
        result = subprocess.run(['git', '-c', 'safe.directory=' + BASELINE.as_posix(),
            '-c', 'safe.directory=C:/dev/03-Living-World-V3/.git/worktrees/orchestrator-freeze',
            'clone', '--no-hardlinks', '--local', '--branch', 'codex/orchestrator-phases-1-3-freeze',
            str(BASELINE), str(tmp_path)], capture_output=True, text=True)
&gt;       assert result.returncode == 0, result.stderr
E       AssertionError: Cloning into 'C:\Users\RJLoc\Documents\Codex\2026-09-23\referenced-chatgpt-conversation-this-is-an\work\pytest-R1\test_failed_postflight_is_not_0'...
E         warning: --local is ignored
E         fatal: 'C:\Users\RJLoc\Documents\Codex\2026-09-23\referenced-chatgpt-conversation-this-is-an\work\run\orchestrator-freeze' does not appear to be a git repository
E         fatal: Could not read from remote repository.
E         
E         Please make sure you have the correct access rights
E         and the repository exists.
E         
E       assert 128 == 0
E        +  where 128 = CompletedProcess(args=['git', '-c', 'safe.directory=C:/Users/RJLoc/Documents/Codex/2026-09-23/referenced-chatgpt-conve...not read from remote repository.\n\nPlease make sure you have the correct access rights\nand the repository exists.\n").returncode

tests\test_orchestrator_execution.py:45: AssertionError</error></testcase><testcase classname="tests.test_orchestrator_execution" name="test_actual_receipt_tampering_prevents_success[missing]" time="0.081"><error message="failed on setup with &quot;AssertionError: Cloning into 'C:\Users\RJLoc\Documents\Codex\2026-09-23\referenced-chatgpt-conversation-this-is-an\work\pytest-R1\test_actual_receipt_tampering_0'...&#10;  warning: --local is ignored&#10;  fatal: 'C:\Users\RJLoc\Documents\Codex\2026-09-23\referenced-chatgpt-conversation-this-is-an\work\run\orchestrator-freeze' does not appear to be a git repository&#10;  fatal: Could not read from remote repository.&#10;  &#10;  Please make sure you have the correct access rights&#10;  and the repository exists.&#10;  &#10;assert 128 == 0&#10; +  where 128 = CompletedProcess(args=['git', '-c', 'safe.directory=C:/Users/RJLoc/Documents/Codex/2026-09-23/referenced-chatgpt-conve...not read from remote repository.\n\nPlease make sure you have the correct access rights\nand the repository exists.\n&quot;).returncode&quot;">tmp_path = WindowsPath('C:/Users/RJLoc/Documents/Codex/2026-09-23/referenced-chatgpt-conversation-this-is-an/work/pytest-R1/test_actual_receipt_tampering_0')

    @pytest.fixture
    def repo(tmp_path):
        result = subprocess.run(['git', '-c', 'safe.directory=' + BASELINE.as_posix(),
            '-c', 'safe.directory=C:/dev/03-Living-World-V3/.git/worktrees/orchestrator-freeze',
            'clone', '--no-hardlinks', '--local', '--branch', 'codex/orchestrator-phases-1-3-freeze',
            str(BASELINE), str(tmp_path)], capture_output=True, text=True)
&gt;       assert result.returncode == 0, result.stderr
E       AssertionError: Cloning into 'C:\Users\RJLoc\Documents\Codex\2026-09-23\referenced-chatgpt-conversation-this-is-an\work\pytest-R1\test_actual_receipt_tampering_0'...
E         warning: --local is ignored
E         fatal: 'C:\Users\RJLoc\Documents\Codex\2026-09-23\referenced-chatgpt-conversation-this-is-an\work\run\orchestrator-freeze' does not appear to be a git repository
E         fatal: Could not read from remote repository.
E         
E         Please make sure you have the correct access rights
E         and the repository exists.
E         
E       assert 128 == 0
E        +  where 128 = CompletedProcess(args=['git', '-c', 'safe.directory=C:/Users/RJLoc/Documents/Codex/2026-09-23/referenced-chatgpt-conve...not read from remote repository.\n\nPlease make sure you have the correct access rights\nand the repository exists.\n").returncode

tests\test_orchestrator_execution.py:45: AssertionError</error></testcase><testcase classname="tests.test_orchestrator_execution" name="test_actual_receipt_tampering_prevents_success[corrupt]" time="0.097"><error message="failed on setup with &quot;AssertionError: Cloning into 'C:\Users\RJLoc\Documents\Codex\2026-09-23\referenced-chatgpt-conversation-this-is-an\work\pytest-R1\test_actual_receipt_tampering_1'...&#10;  warning: --local is ignored&#10;  fatal: 'C:\Users\RJLoc\Documents\Codex\2026-09-23\referenced-chatgpt-conversation-this-is-an\work\run\orchestrator-freeze' does not appear to be a git repository&#10;  fatal: Could not read from remote repository.&#10;  &#10;  Please make sure you have the correct access rights&#10;  and the repository exists.&#10;  &#10;assert 128 == 0&#10; +  where 128 = CompletedProcess(args=['git', '-c', 'safe.directory=C:/Users/RJLoc/Documents/Codex/2026-09-23/referenced-chatgpt-conve...not read from remote repository.\n\nPlease make sure you have the correct access rights\nand the repository exists.\n&quot;).returncode&quot;">tmp_path = WindowsPath('C:/Users/RJLoc/Documents/Codex/2026-09-23/referenced-chatgpt-conversation-this-is-an/work/pytest-R1/test_actual_receipt_tampering_1')

    @pytest.fixture
    def repo(tmp_path):
        result = subprocess.run(['git', '-c', 'safe.directory=' + BASELINE.as_posix(),
            '-c', 'safe.directory=C:/dev/03-Living-World-V3/.git/worktrees/orchestrator-freeze',
            'clone', '--no-hardlinks', '--local', '--branch', 'codex/orchestrator-phases-1-3-freeze',
            str(BASELINE), str(tmp_path)], capture_output=True, text=True)
&gt;       assert result.returncode == 0, result.stderr
E       AssertionError: Cloning into 'C:\Users\RJLoc\Documents\Codex\2026-09-23\referenced-chatgpt-conversation-this-is-an\work\pytest-R1\test_actual_receipt_tampering_1'...
E         warning: --local is ignored
E         fatal: 'C:\Users\RJLoc\Documents\Codex\2026-09-23\referenced-chatgpt-conversation-this-is-an\work\run\orchestrator-freeze' does not appear to be a git repository
E         fatal: Could not read from remote repository.
E         
E         Please make sure you have the correct access rights
E         and the repository exists.
E         
E       assert 128 == 0
E        +  where 128 = CompletedProcess(args=['git', '-c', 'safe.directory=C:/Users/RJLoc/Documents/Codex/2026-09-23/referenced-chatgpt-conve...not read from remote repository.\n\nPlease make sure you have the correct access rights\nand the repository exists.\n").returncode

tests\test_orchestrator_execution.py:45: AssertionError</error></testcase><testcase classname="tests.test_orchestrator_execution" name="test_actual_receipt_tampering_prevents_success[foreign]" time="0.083"><error message="failed on setup with &quot;AssertionError: Cloning into 'C:\Users\RJLoc\Documents\Codex\2026-09-23\referenced-chatgpt-conversation-this-is-an\work\pytest-R1\test_actual_receipt_tampering_2'...&#10;  warning: --local is ignored&#10;  fatal: 'C:\Users\RJLoc\Documents\Codex\2026-09-23\referenced-chatgpt-conversation-this-is-an\work\run\orchestrator-freeze' does not appear to be a git repository&#10;  fatal: Could not read from remote repository.&#10;  &#10;  Please make sure you have the correct access rights&#10;  and the repository exists.&#10;  &#10;assert 128 == 0&#10; +  where 128 = CompletedProcess(args=['git', '-c', 'safe.directory=C:/Users/RJLoc/Documents/Codex/2026-09-23/referenced-chatgpt-conve...not read from remote repository.\n\nPlease make sure you have the correct access rights\nand the repository exists.\n&quot;).returncode&quot;">tmp_path = WindowsPath('C:/Users/RJLoc/Documents/Codex/2026-09-23/referenced-chatgpt-conversation-this-is-an/work/pytest-R1/test_actual_receipt_tampering_2')

    @pytest.fixture
    def repo(tmp_path):
        result = subprocess.run(['git', '-c', 'safe.directory=' + BASELINE.as_posix(),
            '-c', 'safe.directory=C:/dev/03-Living-World-V3/.git/worktrees/orchestrator-freeze',
            'clone', '--no-hardlinks', '--local', '--branch', 'codex/orchestrator-phases-1-3-freeze',
            str(BASELINE), str(tmp_path)], capture_output=True, text=True)
&gt;       assert result.returncode == 0, result.stderr
E       AssertionError: Cloning into 'C:\Users\RJLoc\Documents\Codex\2026-09-23\referenced-chatgpt-conversation-this-is-an\work\pytest-R1\test_actual_receipt_tampering_2'...
E         warning: --local is ignored
E         fatal: 'C:\Users\RJLoc\Documents\Codex\2026-09-23\referenced-chatgpt-conversation-this-is-an\work\run\orchestrator-freeze' does not appear to be a git repository
E         fatal: Could not read from remote repository.
E         
E         Please make sure you have the correct access rights
E         and the repository exists.
E         
E       assert 128 == 0
E        +  where 128 = CompletedProcess(args=['git', '-c', 'safe.directory=C:/Users/RJLoc/Documents/Codex/2026-09-23/referenced-chatgpt-conve...not read from remote repository.\n\nPlease make sure you have the correct access rights\nand the repository exists.\n").returncode

tests\test_orchestrator_execution.py:45: AssertionError</error></testcase><testcase classname="tests.test_orchestrator_execution" name="test_audit_failure_prevents_dispatch" time="0.086"><error message="failed on setup with &quot;AssertionError: Cloning into 'C:\Users\RJLoc\Documents\Codex\2026-09-23\referenced-chatgpt-conversation-this-is-an\work\pytest-R1\test_audit_failure_prevents_di0'...&#10;  warning: --local is ignored&#10;  fatal: 'C:\Users\RJLoc\Documents\Codex\2026-09-23\referenced-chatgpt-conversation-this-is-an\work\run\orchestrator-freeze' does not appear to be a git repository&#10;  fatal: Could not read from remote repository.&#10;  &#10;  Please make sure you have the correct access rights&#10;  and the repository exists.&#10;  &#10;assert 128 == 0&#10; +  where 128 = CompletedProcess(args=['git', '-c', 'safe.directory=C:/Users/RJLoc/Documents/Codex/2026-09-23/referenced-chatgpt-conve...not read from remote repository.\n\nPlease make sure you have the correct access rights\nand the repository exists.\n&quot;).returncode&quot;">tmp_path = WindowsPath('C:/Users/RJLoc/Documents/Codex/2026-09-23/referenced-chatgpt-conversation-this-is-an/work/pytest-R1/test_audit_failure_prevents_di0')

    @pytest.fixture
    def repo(tmp_path):
        result = subprocess.run(['git', '-c', 'safe.directory=' + BASELINE.as_posix(),
            '-c', 'safe.directory=C:/dev/03-Living-World-V3/.git/worktrees/orchestrator-freeze',
            'clone', '--no-hardlinks', '--local', '--branch', 'codex/orchestrator-phases-1-3-freeze',
            str(BASELINE), str(tmp_path)], capture_output=True, text=True)
&gt;       assert result.returncode == 0, result.stderr
E       AssertionError: Cloning into 'C:\Users\RJLoc\Documents\Codex\2026-09-23\referenced-chatgpt-conversation-this-is-an\work\pytest-R1\test_audit_failure_prevents_di0'...
[...]

    @pytest.fixture
    def repo(tmp_path):
        result = subprocess.run(['git', '-c', 'safe.directory=' + BASELINE.as_posix(),
            '-c', 'safe.directory=C:/dev/03-Living-World-V3/.git/worktrees/orchestrator-freeze',
            'clone', '--no-hardlinks', '--local', '--branch', 'codex/orchestrator-phases-1-3-freeze',
            str(BASELINE), str(tmp_path)], capture_output=True, text=True)
&gt;       assert result.returncode == 0, result.stderr
E       AssertionError: Cloning into 'C:\Users\RJLoc\Documents\Codex\2026-09-23\referenced-chatgpt-conversation-this-is-an\work\pytest-R1\test_worker_refuses_a_request_0'...
E         warning: --local is ignored
E         fatal: 'C:\Users\RJLoc\Documents\Codex\2026-09-23\referenced-chatgpt-conversation-this-is-an\work\run\orchestrator-freeze' does not appear to be a git repository
E         fatal: Could not read from remote repository.
E         
E         Please make sure you have the correct access rights
E         and the repository exists.
E         
E       assert 128 == 0
E        +  where 128 = CompletedProcess(args=['git', '-c', 'safe.directory=C:/Users/RJLoc/Documents/Codex/2026-09-23/referenced-chatgpt-conve...not read from remote repository.\n\nPlease make sure you have the correct access rights\nand the repository exists.\n").returncode

tests\test_orchestrator_execution.py:45: AssertionError</error></testcase><testcase classname="tests.test_runtime_and_startup" name="test_run_gate_refuses_a_binding_that_differs_from_its_own_resolution" time="0.444" /><testcase classname="tests.test_runtime_and_startup" name="test_standalone_runner_records_a_failed_start_structurally" time="0.646" /><testcase classname="tests.test_runtime_and_startup" name="test_standalone_runner_resolves_py3_and_keeps_the_registry_argv" time="0.930" /><testcase classname="tests.test_runtime_and_startup" name="test_standalone_interrupt_kills_the_started_child_and_records_started" time="2.968" /><testcase classname="tests.test_runtime_and_startup" name="test_registered_timeout_after_start_records_started_and_releases_ownership" time="0.084"><error message="failed on setup with &quot;AssertionError: Cloning into 'C:\Users\RJLoc\Documents\Codex\2026-09-23\referenced-chatgpt-conversation-this-is-an\work\pytest-R1\test_registered_timeout_after_0'...&#10;  warning: --local is ignored&#10;  fatal: 'C:\Users\RJLoc\Documents\Codex\2026-09-23\referenced-chatgpt-conversation-this-is-an\work\run\orchestrator-freeze' does not appear to be a git repository&#10;  fatal: Could not read from remote repository.&#10;  &#10;  Please make sure you have the correct access rights&#10;  and the repository exists.&#10;  &#10;assert 128 == 0&#10; +  where 128 = CompletedProcess(args=['git', '-c', 'safe.directory=C:/Users/RJLoc/Documents/Codex/2026-09-23/referenced-chatgpt-conve...not read from remote repository.\n\nPlease make sure you have the correct access rights\nand the repository exists.\n&quot;).returncode&quot;">tmp_path = WindowsPath('C:/Users/RJLoc/Documents/Codex/2026-09-23/referenced-chatgpt-conversation-this-is-an/work/pytest-R1/test_registered_timeout_after_0')

    @pytest.fixture
    def repo(tmp_path):
        result = subprocess.run(['git', '-c', 'safe.directory=' + BASELINE.as_posix(),
            '-c', 'safe.directory=C:/dev/03-Living-World-V3/.git/worktrees/orchestrator-freeze',
            'clone', '--no-hardlinks', '--local', '--branch', 'codex/orchestrator-phases-1-3-freeze',
            str(BASELINE), str(tmp_path)], capture_output=True, text=True)
&gt;       assert result.returncode == 0, result.stderr
E       AssertionError: Cloning into 'C:\Users\RJLoc\Documents\Codex\2026-09-23\referenced-chatgpt-conversation-this-is-an\work\pytest-R1\test_registered_timeout_after_0'...
E         warning: --local is ignored
E         fatal: 'C:\Users\RJLoc\Documents\Codex\2026-09-23\referenced-chatgpt-conversation-this-is-an\work\run\orchestrator-freeze' does not appear to be a git repository
E         fatal: Could not read from remote repository.
E         
E         Please make sure you have the correct access rights
E         and the repository exists.
E         
E       assert 128 == 0
E        +  where 128 = CompletedProcess(args=['git', '-c', 'safe.directory=C:/Users/RJLoc/Documents/Codex/2026-09-23/referenced-chatgpt-conve...not read from remote repository.\n\nPlease make sure you have the correct access rights\nand the repository exists.\n").returncode

tests\test_orchestrator_execution.py:45: AssertionError</error></testcase><testcase classname="tests.test_runtime_and_startup" name="test_trusted_runtime_descendants_are_stopped_on_outer_timeout" time="0.083"><error message="failed on setup with &quot;AssertionError: Cloning into 'C:\Users\RJLoc\Documents\Codex\2026-09-23\referenced-chatgpt-conversation-this-is-an\work\pytest-R1\test_trusted_runtime_descendan0'...&#10;  warning: --local is ignored&#10;  fatal: 'C:\Users\RJLoc\Documents\Codex\2026-09-23\referenced-chatgpt-conversation-this-is-an\work\run\orchestrator-freeze' does not appear to be a git repository&#10;  fatal: Could not read from remote repository.&#10;  &#10;  Please make sure you have the correct access rights&#10;  and the repository exists.&#10;  &#10;assert 128 == 0&#10; +  where 128 = CompletedProcess(args=['git', '-c', 'safe.directory=C:/Users/RJLoc/Documents/Codex/2026-09-23/referenced-chatgpt-conve...not read from remote repository.\n\nPlease make sure you have the correct access rights\nand the repository exists.\n&quot;).returncode&quot;">tmp_path = WindowsPath('C:/Users/RJLoc/Documents/Codex/2026-09-23/referenced-chatgpt-conversation-this-is-an/work/pytest-R1/test_trusted_runtime_descendan0')

    @pytest.fixture
    def repo(tmp_path):
        result = subprocess.run(['git', '-c', 'safe.directory=' + BASELINE.as_posix(),
            '-c', 'safe.directory=C:/dev/03-Living-World-V3/.git/worktrees/orchestrator-freeze',
            'clone', '--no-hardlinks', '--local', '--branch', 'codex/orchestrator-phases-1-3-freeze',
            str(BASELINE), str(tmp_path)], capture_output=True, text=True)
&gt;       assert result.returncode == 0, result.stderr
E       AssertionError: Cloning into 'C:\Users\RJLoc\Documents\Codex\2026-09-23\referenced-chatgpt-conversation-this-is-an\work\pytest-R1\test_trusted_runtime_descendan0'...
E         warning: --local is ignored
E         fatal: 'C:\Users\RJLoc\Documents\Codex\2026-09-23\referenced-chatgpt-conversation-this-is-an\work\run\orchestrator-freeze' does not appear to be a git repository
E         fatal: Could not read from remote repository.
E         
E         Please make sure you have the correct access rights
E         and the repository exists.
E         
E       assert 128 == 0
E        +  where 128 = CompletedProcess(args=['git', '-c', 'safe.directory=C:/Users/RJLoc/Documents/Codex/2026-09-23/referenced-chatgpt-conve...not read from remote repository.\n\nPlease make sure you have the correct access rights\nand the repository exists.\n").returncode

tests\test_orchestrator_execution.py:45: AssertionError</error></testcase><testcase classname="tests.test_scoring" name="test_boundary_and_direct_parity_across_eligible_domain[0]" time="0.002" /><testcase classname="tests.test_scoring" name="test_boundary_and_direct_parity_across_eligible_domain[2]" time="0.002" /><testcase classname="tests.test_scoring" name="test_boundary_and_direct_parity_across_eligible_domain[5]" time="0.002" /><testcase classname="tests.test_scoring" name="test_boundary_and_direct_parity_across_eligible_domain[11]" time="0.002" /><testcase classname="tests.test_scoring" name="test_eat_priority_emergency_and_all_other_pairs" time="0.000" /><testcase classname="tests.test_scoring" name="test_candidate_order_cannot_change_selection_or_native_score_block" time="0.001" /><testcase classname="tests.test_scoring" name="test_off_keeps_exact_leg5_shape_values_and_default_cli" time="0.001" /><testcase classname="tests.test_scoring" name="test_bounded_observations_and_dead_never_seen_counted_or_submitted" time="0.010" /><testcase classname="tests.test_scoring" name="test_native_pairs_equal_selection_time_and_header_declares_model" time="0.009" /><testcase classname="tests.test_scoring" name="test_saved_file_comparison_counts_known_fixture_boundaries" time="0.010" /><testcase classname="tests.test_scoring" name="test_score_block_tampering_is_detected" time="0.010" /><testcase classname="tests.test_scoring" name="test_kernel_rotation_includes_inactive_actors_and_ignores_personal_hunger[False]" time="0.000" /><testcase classname="tests.test_scoring" name="test_kernel_rotation_includes_inactive_actors_and_ignores_personal_hunger[True]" time="0.000" /><testcase classname="tests.test_scoring" name="test_atomic_claim_rejects_whole_request_and_preserves_stock_for_next_actor" time="0.000" /><testcase classname="tests.test_scoring" name="test_claim_then_eat_latency_is_unchanged_at_death_boundary" time="0.000" /><testcase classname="tests.test_scoring" name="test_viewer_shows_saved_scores_selected_action_requests_rotation_and_effects" time="0.009" /><testcase classname="tests.test_sealed_stream" name="test_a_fresh_scenario_run_is_sealed_through_its_last_tick" time="0.038" /><testcase classname="tests.test_sealed_stream" name="test_a_fresh_world_run_is_sealed_through_its_last_tick" time="0.033" /><testcase classname="tests.test_sealed_stream" name="test_the_header_names_code_configuration_and_horizon_and_nothing_host_specific" time="0.038" /><testcase classname="tests.test_sealed_stream" name="test_code_identity_reads_crlf_as_lf" time="0.005" /><testcase classname="tests.test_sealed_stream" name="test_inputs_are_the_proposals_the_runner_submitted_in_order" time="0.177" /><testcase classname="tests.test_sealed_stream" name="test_empty_ticks_and_params_without_a_canonical_form_round_trip" time="0.009" /><testcase classname="tests.test_sealed_stream" name="test_the_writer_refuses_inputs_it_cannot_encode_or_the_record_did_not_settle" time="0.005" /><testcase classname="tests.test_sealed_stream" name="test_a_run_closed_or_stopped_before_its_horizon_has_no_end_line" time="0.008" /><testcase classname="tests.test_sealed_stream" name="test_the_writer_refuses_ticks_out_of_order_or_past_the_horizon" time="0.006" /><testcase classname="tests.test_sealed_stream" name="test_damage_breaks_the_chain_at_its_line_and_nothing_after_it_counts[edit-content]" time="0.035" /><testcase classname="tests.test_sealed_stream" name="test_damage_breaks_the_chain_at_its_line_and_nothing_after_it_counts[edit-seal-byte]" time="0.036" /><testcase classname="tests.test_sealed_stream" name="test_damage_breaks_the_chain_at_its_line_and_nothing_after_it_counts[delete]" time="0.035" /><testcase classname="tests.test_sealed_stream" name="test_damage_breaks_the_chain_at_its_line_and_nothing_after_it_counts[swap]" time="0.036" /><testcase classname="tests.test_sealed_stream" name="test_damage_breaks_the_chain_at_its_line_and_nothing_after_it_counts[cut-mid-line]" time="0.031" /><testcase classname="tests.test_sealed_stream" name="test_an_edited_header_breaks_every_seal" time="0.036" /><testcase classname="tests.test_sealed_stream" name="test_the_end_line_must_carry_the_final_seal" time="0.036" /><testcase classname="tests.test_sealed_stream" name="test_v3_stream_2_files_stay_readable_without_seal_checks" time="0.033" /><testcase classname="tests.test_stream" name="test_two_runs_of_one_seed_are_byte_identical_apart_from_timing" time="0.133" /><testcase classname="tests.test_stream" name="test_run_file_verifies_and_reads_back_what_the_engine_committed" time="0.023" /><testcase classname="tests.test_stream" name="test_writer_refuses_to_overwrite_and_checks_the_record_state_pair" time="0.009" /><testcase classname="tests.test_stream" name="test_tampered_or_cut_run_files_do_not_verify[flip-balance]" time="0.017" /><testcase classname="tests.test_stream" name="test_tampered_or_cut_run_files_do_not_verify[drop-tick]" time="0.016" /><testcase classname="tests.test_stream" name="test_tampered_or_cut_run_files_do_not_verify[truncate]" time="0.014" /><testcase classname="tests.test_stream" name="test_tampered_or_cut_run_files_do_not_verify[reorder]" time="0.016" /><testcase classname="tests.test_stream" name="test_viewer_renders_every_tick_from_the_file_with_no_external_resources" time="0.031" /><testcase classname="tests.test_stream" name="test_stream_is_downstream_of_the_kernel" time="0.018" /><testcase classname="tests.test_stream" name="test_scenario_is_reproducible_and_produces_lifecycle_input" time="0.001" /><testcase classname="tests.test_verify_evidence" name="test_verifier_source_does_not_import_the_kernel" time="0.006" /><testcase classname="tests.test_verify_evidence" name="test_representative_packets_are_mechanically_ok_and_not_acceptance" time="3.258" /><testcase classname="tests.test_verify_evidence" name="test_verifier_does_not_mutate_kernel" time="1.445" /><testcase classname="tests.test_verify_evidence" name="test_repair_contract_skips_amended_docs_and_still_checks_kernel" time="1.417" /><testcase classname="tests.test_verify_evidence" name="test_missing_required_file_fails" time="0.304" /><testcase classname="tests.test_verify_evidence" name="test_malformed_json_receipt_fails" time="0.284" /><testcase classname="tests.test_verify_evidence" name="test_hash_mismatch_fails" time="0.315" /><testcase classname="tests.test_verify_evidence" name="test_current_head_mismatch_is_stale_when_required" time="0.281" /><testcase classname="tests.test_verify_evidence" name="test_historical_packet_may_differ_from_head" time="0.397" /><testcase classname="tests.test_verify_evidence" name="test_contract_cannot_claim_acceptance" time="0.234" /><testcase classname="tests.test_verify_evidence" name="test_green_receipt_does_not_prove_capability" time="0.267" /><testcase classname="tests.test_verify_evidence" name="test_cli_from_repository_root" time="1.534" /><testcase classname="tests.test_verify_evidence" name="test_historical_manifest_survives_a_later_change_to_a_tracked_file" time="0.444" /><testcase classname="tests.test_verify_evidence" name="test_historical_manifest_that_disagrees_with_its_revision_still_fails" time="0.729" /><testcase classname="tests.test_verify_evidence" name="test_current_manifest_is_still_checked_against_the_working_tree" time="0.392" /><testcase classname="tests.test_world" name="test_genesis_is_seeded_saved_and_identity_neutral" time="0.001" /><testcase classname="tests.test_world" name="test_configuration_rejects_incoherent_levers[bad0]" time="0.000" /><testcase classname="tests.test_world" name="test_configuration_rejects_incoherent_levers[bad1]" time="0.000" /><testcase classname="tests.test_world" name="test_configuration_rejects_incoherent_levers[bad2]" time="0.000" /><testcase classname="tests.test_world" name="test_configuration_rejects_incoherent_levers[bad3]" time="0.000" /><testcase classname="tests.test_world" name="test_configuration_rejects_incoherent_levers[bad4]" time="0.000" /><testcase classname="tests.test_world" name="test_configuration_rejects_incoherent_levers[bad5]" time="0.000" /><testcase classname="tests.test_world" name="test_configuration_rejects_incoherent_levers[bad6]" time="0.000" /><testcase classname="tests.test_world" name="test_configuration_rejects_incoherent_levers[bad7]" time="0.000" /><testcase classname="tests.test_world" name="test_configuration_rejects_incoherent_levers[bad8]" time="0.000" /><testcase classname="tests.test_world" name="test_step_toward_moves_one_cell_along_the_longer_axis_x_on_ties" time="0.000" /><testcase classname="tests.test_world" name="test_selection_rule_follows_the_declared_priority" time="0.000" /><testcase classname="tests.test_world" name="test_hunger_rises_every_tick_only_settled_eating_lowers_it_and_death_freezes" time="0.001" /><testcase classname="tests.test_world" name="test_renewal_is_the_only_production_and_respects_cap_and_cadence" time="0.001" /><testcase classname="tests.test_world" name="test_movement_takes_one_cell_per_tick_and_contention_is_settled_by_the_kernel" time="0.017" /><testcase classname="tests.test_world" name="test_two_runs_of_one_seed_are_byte_identical_apart_from_timing" time="0.138" /><testcase classname="tests.test_world" name="test_world_run_file_verifies_and_chains_through_production" time="0.032" /><testcase classname="tests.test_world" name="test_writer_refuses_production_that_did_not_happen" time="0.008" /><testcase classname="tests.test_world" name="test_tampering_with_world_blocks_does_not_verify[world]" time="0.015" /><testcase classname="tests.test_world" name="test_tampering_with_world_blocks_does_not_verify[production]" time="0.015" /><testcase classname="tests.test_world" name="test_tampering_with_world_blocks_does_not_verify[produced_digest]" time="0.014" /><testcase classname="tests.test_world" name="test_tampering_with_world_blocks_does_not_verify[decision]" time="0.015" /><testcase classname="tests.test_world" name="test_world_is_downstream_of_the_kernel_and_the_kernel_knows_nothing_of_it" time="0.033" /><testcase classname="tests.test_world" name="test_food_only_moves_through_the_kernel" time="0.060" /><testcase classname="tests.test_world" name="test_viewer_renders_from_the_file_with_no_external_resources" time="0.030" /><testcase classname="tests.test_world_view" name="test_embedded_run_data_is_the_file_verbatim_and_carries_its_digest" time="0.006" /><testcase classname="tests.test_world_view" name="test_page_references_nothing_outside_itself" time="0.009" /><testcase classname="tests.test_world_view" name="test_generator_refuses_unrecognised_headers" time="0.008" /><testcase classname="tests.test_world_view" name="test_cli_writes_the_page_beside_the_run" time="0.007" /><testcase classname="tests.test_world_view" name="test_viewer_package_imports_nothing_from_kernel_world_or_stream" time="0.003" /><testcase classname="tests.test_world_view" name="test_synthetic_50_by_2000_renders_inside_the_declared_size" time="1.201" /><testcase classname="tests.test_world_view" name="test_frame_step_is_exact_at_progress_zero_and_cheap_on_the_large_fixture" time="0.254" /><testcase classname="tests.test_world_view" name="test_page_scripts_parse_under_node" time="0.170" /><testcase classname="tests.test_world_view" name="test_a_sealed_world_run_opens_in_the_world_view" time="0.021" /><testcase classname="tests.test_yield" name="test_seed_7_homes_match_head_fixture_genesis" time="0.000" /><testcase classname="tests.test_yield" name="test_off_assigns_beyond_actor_count_and_on_draws_from_the_set" time="0.000" /><testcase classname="tests.test_yield" name="test_yield_rule_and_priority" time="0.000" /><testcase classname="tests.test_yield" name="test_emergency_never_yields" time="0.000" /><testcase classname="tests.test_yield" name="test_off_decisions_match_head_b305783" time="0.085" /><testcase classname="tests.test_yield" name="test_recorded_yields_match_the_rule_and_dead_are_not_counted" time="0.084" /><testcase classname="tests.test_yield" name="test_two_runs_are_byte_identical_apart_from_timing" time="0.052" /><testcase classname="tests.test_yield" name="test_tampering_with_yield_at_does_not_verify" time="0.013" /><testcase classname="tests.test_yield" name="test_kernel_still_imports_nothing_from_world_and_decide_is_observation_only" time="0.009" /><testcase classname="tests.test_yield" name="test_viewer_shows_trait_and_yield" time="0.052" /></testsuite></testsuites>