============================= test session starts =============================
platform win32 -- Python 3.12.10, pytest-9.1.1, pluggy-1.6.0 -- C:\Users\RJLoc\AppData\Local\Programs\Python\Python312\python.exe
cachedir: .pytest_cache
rootdir: C:\dev\03-Living-World-V3
configfile: pyproject.toml
testpaths: tests
plugins: xdist-3.8.0
collecting ... collected 107 items

tests/test_atomicity.py::test_an_unauthorised_leg_prevents_the_authorised_leg_from_committing PASSED [  0%]
tests/test_atomicity.py::test_the_authorised_leg_alone_would_have_succeeded PASSED [  1%]
tests/test_atomicity.py::test_a_denied_transaction_stages_no_effects_at_all PASSED [  2%]
tests/test_atomicity.py::test_losing_one_leg_to_contention_leaves_the_other_leg_untouched PASSED [  3%]
tests/test_atomicity.py::test_an_unauthorised_single_source_claim_changes_nothing PASSED [  4%]
tests/test_atomicity.py::test_a_proposal_from_an_actor_outside_the_roster_is_denied PASSED [  5%]
tests/test_atomicity.py::test_a_claim_naming_an_unknown_source_commits_nothing PASSED [  6%]
tests/test_atomicity.py::test_a_transfer_to_an_unknown_actor_commits_nothing PASSED [  7%]
tests/test_atomicity.py::test_a_self_transfer_is_denied PASSED           [  8%]
tests/test_atomicity.py::test_an_unknown_operation_is_denied PASSED      [  9%]
tests/test_atomicity.py::test_nothing_may_debit_the_consumption_sink PASSED [ 10%]
tests/test_atomicity.py::test_an_unbalanced_transaction_is_refused_by_the_integrity_rail PASSED [ 11%]
tests/test_atomicity.py::test_a_balanced_but_unauthorised_transfer_of_another_actors_stock_is_denied PASSED [ 12%]
tests/test_atomicity.py::test_settlement_is_the_only_write_path_to_a_balance PASSED [ 13%]
tests/test_atomicity.py::test_a_denied_transaction_does_not_consume_availability_for_a_later_one PASSED [ 14%]
tests/test_atomicity.py::test_consume_of_an_unknown_actor_is_denied PASSED [ 14%]
tests/test_contention.py::test_two_authorised_claims_on_one_unit_produce_exactly_one_winner PASSED [ 15%]
tests/test_contention.py::test_the_single_unit_is_credited_exactly_once PASSED [ 16%]
tests/test_contention.py::test_the_losing_claimant_carries_an_explicit_denial_reason PASSED [ 17%]
tests/test_contention.py::test_every_submitted_proposal_appears_in_the_record_exactly_once PASSED [ 18%]
tests/test_contention.py::test_a_denied_claim_stages_no_effects PASSED   [ 19%]
tests/test_contention.py::test_contended_tick_conserves_the_declared_total PASSED [ 20%]
tests/test_contention.py::test_no_balance_or_stock_goes_negative_under_contention PASSED [ 21%]
tests/test_contention.py::test_one_actor_cannot_take_the_same_unit_twice_in_one_tick PASSED [ 22%]
tests/test_contention.py::test_an_uncontested_claim_is_accepted PASSED   [ 23%]
tests/test_contention.py::test_a_tick_with_no_proposals_changes_nothing_but_the_tick_number PASSED [ 24%]
tests/test_credit_boundary.py::test_the_roadmap_credit_fixture[0] PASSED [ 25%]
tests/test_credit_boundary.py::test_the_roadmap_credit_fixture[1] PASSED [ 26%]
tests/test_credit_boundary.py::test_the_giver_cannot_spend_the_same_unit_twice_by_transferring_it_again[0] PASSED [ 27%]
tests/test_credit_boundary.py::test_the_giver_cannot_spend_the_same_unit_twice_by_transferring_it_again[1] PASSED [ 28%]
tests/test_credit_boundary.py::test_the_recipient_cannot_pass_on_a_unit_received_this_tick PASSED [ 28%]
tests/test_credit_boundary.py::test_a_unit_claimed_this_tick_is_not_spendable_until_the_next_one PASSED [ 29%]
tests/test_credit_boundary.py::test_a_unit_given_away_is_not_double_counted_in_the_total PASSED [ 30%]
tests/test_credit_boundary.py::test_the_order_of_the_recipients_own_proposals_does_not_rescue_an_early_spend PASSED [ 31%]
tests/test_dependency_direction.py::test_every_kernel_module_has_a_declared_layer PASSED [ 32%]
tests/test_dependency_direction.py::test_no_module_imports_above_its_layer PASSED [ 33%]
tests/test_dependency_direction.py::test_settlement_cannot_see_the_diagnostics_channel PASSED [ 34%]
tests/test_dependency_direction.py::test_nothing_inside_the_kernel_imports_the_engine PASSED [ 35%]
tests/test_dependency_direction.py::test_state_does_not_import_resolution_or_evidence PASSED [ 36%]
tests/test_dependency_direction.py::test_the_declared_layering_is_acyclic PASSED [ 37%]
tests/test_determinism.py::test_diagnostics_on_and_off_produce_identical_canonical_results PASSED [ 38%]
tests/test_determinism.py::test_repeated_identical_execution_produces_identical_canonical_results PASSED [ 39%]
tests/test_determinism.py::test_a_hostile_diagnostics_sink_cannot_change_canonical_results PASSED [ 40%]
tests/test_determinism.py::test_a_failing_diagnostics_sink_is_counted_rather_than_hidden PASSED [ 41%]
tests/test_determinism.py::test_the_canonical_form_refuses_floats PASSED [ 42%]
tests/test_determinism.py::test_the_canonical_form_refuses_booleans PASSED [ 42%]
tests/test_determinism.py::test_the_canonical_form_is_independent_of_mapping_order PASSED [ 43%]
tests/test_determinism.py::test_a_state_digest_is_independent_of_input_map_order PASSED [ 44%]
tests/test_determinism.py::test_the_record_carries_the_declared_versions_and_state_identities PASSED [ 45%]
tests/test_determinism.py::test_the_engine_allocates_no_identity_of_its_own_in_this_slice PASSED [ 46%]
tests/test_indivisibility.py::test_a_claim_larger_than_the_source_is_denied_without_partial_credit PASSED [ 47%]
tests/test_indivisibility.py::test_a_consume_larger_than_the_balance_is_denied_without_partial_credit PASSED [ 48%]
tests/test_indivisibility.py::test_a_transfer_larger_than_the_balance_is_denied_without_partial_credit PASSED [ 49%]
tests/test_indivisibility.py::test_a_partly_available_multi_source_claim_is_denied_whole PASSED [ 50%]
tests/test_indivisibility.py::test_an_exactly_sufficient_claim_is_accepted PASSED [ 51%]
tests/test_indivisibility.py::test_a_zero_amount_is_denied_rather_than_treated_as_a_no_op PASSED [ 52%]
tests/test_indivisibility.py::test_a_negative_amount_is_denied_rather_than_reversing_a_transaction PASSED [ 53%]
tests/test_indivisibility.py::test_a_fractional_amount_is_denied_rather_than_rounded PASSED [ 54%]
tests/test_indivisibility.py::test_a_whole_valued_float_is_still_denied PASSED [ 55%]
tests/test_indivisibility.py::test_a_boolean_amount_is_denied_even_though_python_calls_it_an_integer PASSED [ 56%]
tests/test_indivisibility.py::test_malformed_parameters_are_denied PASSED [ 57%]
tests/test_integrity_rails.py::test_the_negative_balance_rail_refuses_to_commit PASSED [ 57%]
tests/test_integrity_rails.py::test_the_negative_stock_rail_refuses_to_commit PASSED [ 58%]
tests/test_integrity_rails.py::test_the_balanced_effects_rail_refuses_to_commit PASSED [ 59%]
tests/test_integrity_rails.py::test_the_account_containment_rail_refuses_to_commit PASSED [ 60%]
tests/test_integrity_rails.py::test_a_legitimate_commit_passes_every_rail PASSED [ 61%]
tests/test_integrity_rails.py::test_an_empty_commit_passes_every_rail PASSED [ 62%]
tests/test_integrity_rails.py::test_the_rails_are_not_assertions_that_optimisation_would_remove PASSED [ 63%]
tests/test_integrity_rails.py::test_an_ordinary_contended_tick_still_settles_under_the_rails PASSED [ 64%]
tests/test_integrity_rails.py::test_consumption_stays_inside_the_conserved_total PASSED [ 65%]
tests/test_observation.py::test_state_mappings_refuse_mutation PASSED    [ 66%]
tests/test_observation.py::test_state_objects_are_frozen PASSED          [ 67%]
tests/test_observation.py::test_a_sources_authorised_set_refuses_new_members PASSED [ 68%]
tests/test_observation.py::test_a_view_refuses_mutation PASSED           [ 69%]
tests/test_observation.py::test_a_view_is_handed_a_copy_rather_than_a_handle_on_the_world PASSED [ 70%]
tests/test_observation.py::test_two_views_do_not_share_one_mapping PASSED [ 71%]
tests/test_observation.py::test_a_view_cannot_reach_the_live_state_it_was_built_from PASSED [ 71%]
tests/test_observation.py::test_a_view_taken_earlier_does_not_change_when_the_world_advances PASSED [ 72%]
tests/test_observation.py::test_a_tick_record_taken_earlier_does_not_change_when_the_world_advances PASSED [ 73%]
tests/test_observation.py::test_a_tick_record_refuses_mutation PASSED    [ 74%]
tests/test_observation.py::test_the_canonical_copy_handed_out_is_not_the_records_own_state PASSED [ 75%]
tests/test_observation.py::test_the_canonical_copy_of_a_state_is_not_the_states_own_state PASSED [ 76%]
tests/test_observation.py::test_mutating_the_genesis_input_maps_afterwards_changes_nothing PASSED [ 77%]
tests/test_observation.py::test_mutating_a_proposals_parameter_map_afterwards_changes_nothing PASSED [ 78%]
tests/test_observation.py::test_refused_observer_mutation_leaves_the_canonical_identity_unchanged PASSED [ 79%]
tests/test_observation.py::test_the_engine_does_not_hand_out_its_own_mutable_working_state PASSED [ 80%]
tests/test_order_independence.py::test_every_permutation_of_the_inputs_gives_one_canonical_result PASSED [ 81%]
tests/test_order_independence.py::test_the_recorded_outcomes_are_themselves_order_independent PASSED [ 82%]
tests/test_order_independence.py::test_permuting_a_claim_source_map_changes_nothing PASSED [ 83%]
tests/test_order_independence.py::test_the_effects_of_a_multi_source_claim_are_recorded_in_a_declared_order PASSED [ 84%]
tests/test_order_independence.py::test_the_digest_still_notices_a_real_difference PASSED [ 85%]
tests/test_proposal_identity.py::test_all_proposals_sharing_an_identity_are_rejected PASSED [ 85%]
tests/test_proposal_identity.py::test_a_duplicate_identity_is_rejected_whichever_arrived_first PASSED [ 86%]
tests/test_proposal_identity.py::test_a_duplicate_identity_does_not_take_an_unrelated_proposal_with_it PASSED [ 87%]
tests/test_proposal_identity.py::test_an_actor_cannot_declare_two_proposals_at_the_same_sequence PASSED [ 88%]
tests/test_proposal_identity.py::test_two_actors_may_share_a_sequence_because_it_is_actor_local PASSED [ 89%]
tests/test_proposal_identity.py::test_a_duplicate_sequence_is_rejected_whichever_arrived_first PASSED [ 90%]
tests/test_proposal_identity.py::test_a_sequence_gap_is_not_an_error PASSED [ 91%]
tests/test_proposal_identity.py::test_every_copy_of_a_duplicate_stays_in_the_record PASSED [ 92%]
tests/test_rotation.py::test_rotated_roster_matches_the_declared_rule PASSED [ 93%]
tests/test_rotation.py::test_an_empty_roster_rotates_to_nothing PASSED   [ 94%]
tests/test_rotation.py::test_rotation_sorts_by_identity_and_ignores_insertion_order PASSED [ 95%]
tests/test_rotation.py::test_equivalent_contention_has_no_permanent_winner_across_successive_ticks PASSED [ 96%]
tests/test_rotation.py::test_three_way_equivalent_contention_cycles_across_successive_ticks PASSED [ 97%]
tests/test_rotation.py::test_the_engine_rotates_tick_over_tick_within_one_continuous_run PASSED [ 98%]
tests/test_rotation.py::test_a_later_identity_does_not_win_by_being_lower_in_sort_order PASSED [ 99%]
tests/test_rotation.py::test_rotation_does_not_reorder_one_actors_own_proposals PASSED [100%]

============================= 107 passed in 0.22s =============================
